#
# There is insufficient memory for the Java Runtime Environment to continue.
# Native memory allocation (mmap) failed to map 250609664 bytes for committing reserved memory.
# Possible reasons:
#   The system is out of physical RAM or swap space
#   The process is running with CompressedOops enabled, and the Java Heap may be blocking the growth of the native heap
# Possible solutions:
#   Reduce memory load on the system
#   Increase physical memory or swap space
#   Check if swap backing store is full
#   Decrease Java heap size (-Xmx/-Xms)
#   Decrease number of Java threads
#   Decrease Java thread stack sizes (-Xss)
#   Set larger code cache with -XX:ReservedCodeCacheSize=
#   JVM is running with Unscaled Compressed Oops mode in which the Java heap is
#     placed in the first 4GB address space. The Java Heap base address is the
#     maximum limit for the native heap growth. Please use -XX:HeapBaseMinAddress
#     to set the Java Heap base and to place the Java Heap above 4GB virtual address.
# This output file may be truncated or incomplete.
#
#  Out of Memory Error (os_linux.cpp:2706), pid=15987, tid=16002
#
# JRE version: OpenJDK Runtime Environment (10.0.2+13) (build 10.0.2+13-Ubuntu-1ubuntu0.18.04.4)
# Java VM: OpenJDK 64-Bit Server VM (10.0.2+13-Ubuntu-1ubuntu0.18.04.4, mixed mode, tiered, compressed oops, g1 gc, linux-amd64)
# Core dump will be written. Default location: Core dumps may be processed with "/usr/share/apport/apport %p %s %c %d %P" (or dumping to /media/moamen/MY_DATA/work/nlp-project/core.15987)
#

---------------  S U M M A R Y ------------

Command Line: -Xmx1000m edu.stanford.nlp.ie.crf.CRFClassifier -loadClassifier ./stanford/stanford-nertagger-2018-10-16/classifiers/english.muc.7class.distsim.crf.ser.gz -textFile /tmp/tmpew8jzvgb -outputFormat slashTags -tokenizerFactory edu.stanford.nlp.process.WhitespaceTokenizer -tokenizerOptions "tokenizeNLs=false" -encoding utf8

Host: Intel(R) Core(TM) i7-5500U CPU @ 2.40GHz, 4 cores, 7G, Linux Mint 19 Tara
Time: Tue Dec 11 02:21:11 2018 EET elapsed time: 30 seconds (0d 0h 0m 30s)

---------------  T H R E A D  ---------------

Current thread (0x00007f3eac112000):  VMThread "VM Thread" [stack: 0x00007f3e905ac000,0x00007f3e906ac000] [id=16002]

Stack: [0x00007f3e905ac000,0x00007f3e906ac000],  sp=0x00007f3e906aa0a0,  free space=1016k
Native frames: (J=compiled Java code, A=aot compiled Java code, j=interpreted, Vv=VM code, C=native code)
V  [libjvm.so+0xd27ea4]
V  [libjvm.so+0xd28a4b]
V  [libjvm.so+0x64d415]
V  [libjvm.so+0xb2d7c8]
V  [libjvm.so+0xb2601d]
V  [libjvm.so+0x7662ff]
V  [libjvm.so+0x76653e]
V  [libjvm.so+0x769500]
V  [libjvm.so+0x7efa1c]
V  [libjvm.so+0x7f06df]
V  [libjvm.so+0x7f0b59]
V  [libjvm.so+0x7162cf]
V  [libjvm.so+0x71a3ba]
V  [libjvm.so+0xd3a008]
V  [libjvm.so+0xd38871]
V  [libjvm.so+0xd35b3b]
V  [libjvm.so+0xd3715e]
V  [libjvm.so+0xd37588]
V  [libjvm.so+0xb33d40]

VM_Operation (0x00007f3eb63a6210): G1IncCollectionPause, mode: safepoint, requested by thread 0x00007f3eac011800


---------------  P R O C E S S  ---------------

Threads class SMR info:
_java_thread_list=0x00007f3eac1f5060, length=10, elements={
0x00007f3eac011800, 0x00007f3eac11b800, 0x00007f3eac11d800, 0x00007f3eac130800,
0x00007f3eac132800, 0x00007f3eac134800, 0x00007f3eac136800, 0x00007f3eac138800,
0x00007f3eac1dd000, 0x00007f3eac1f5800
}

Java Threads: ( => current thread )
  0x00007f3eac011800 JavaThread "main" [_thread_blocked, id=15988, stack(0x00007f3eb62a7000,0x00007f3eb63a8000)]
  0x00007f3eac11b800 JavaThread "Reference Handler" daemon [_thread_blocked, id=16003, stack(0x00007f3e904a9000,0x00007f3e905aa000)]
  0x00007f3eac11d800 JavaThread "Finalizer" daemon [_thread_blocked, id=16004, stack(0x00007f3e903a8000,0x00007f3e904a9000)]
  0x00007f3eac130800 JavaThread "Signal Dispatcher" daemon [_thread_blocked, id=16006, stack(0x00007f3e902a7000,0x00007f3e903a8000)]
  0x00007f3eac132800 JavaThread "C2 CompilerThread0" daemon [_thread_blocked, id=16007, stack(0x00007f3e901a6000,0x00007f3e902a7000)]
  0x00007f3eac134800 JavaThread "C2 CompilerThread1" daemon [_thread_blocked, id=16008, stack(0x00007f3e900a5000,0x00007f3e901a6000)]
  0x00007f3eac136800 JavaThread "C1 CompilerThread2" daemon [_thread_blocked, id=16009, stack(0x00007f3e632f0000,0x00007f3e633f1000)]
  0x00007f3eac138800 JavaThread "Sweeper thread" daemon [_thread_blocked, id=16010, stack(0x00007f3e631ef000,0x00007f3e632f0000)]
  0x00007f3eac1dd000 JavaThread "Service Thread" daemon [_thread_blocked, id=16017, stack(0x00007f3e630ee000,0x00007f3e631ef000)]
  0x00007f3eac1f5800 JavaThread "Common-Cleaner" daemon [_thread_blocked, id=16019, stack(0x00007f3e62eeb000,0x00007f3e62fec000)]

Other Threads:
=>0x00007f3eac112000 VMThread "VM Thread" [stack: 0x00007f3e905ac000,0x00007f3e906ac000] [id=16002]
  0x00007f3eac1df000 WatcherThread [stack: 0x00007f3e62fee000,0x00007f3e630ee000] [id=16018]
  0x00007f3eac028000 GCTaskThread "GC Thread#0" [stack: 0x00007f3eb23d5000,0x00007f3eb24d5000] [id=15989]
  0x00007f3eac029800 GCTaskThread "GC Thread#1" [stack: 0x00007f3eb22d3000,0x00007f3eb23d3000] [id=15990]
  0x00007f3eac02b800 GCTaskThread "GC Thread#2" [stack: 0x00007f3eb21d1000,0x00007f3eb22d1000] [id=15991]
  0x00007f3eac02d000 GCTaskThread "GC Thread#3" [stack: 0x00007f3eb20cf000,0x00007f3eb21cf000] [id=15992]
  0x00007f3eac044800 ConcurrentGCThread "G1 Main Marker" [stack: 0x00007f3eb064d000,0x00007f3eb074d000] [id=15993]
  0x00007f3eac046800 ConcurrentGCThread "G1 Conc#0" [stack: 0x00007f3eb054b000,0x00007f3eb064b000] [id=15994]
  0x00007f3eac0ab000 ConcurrentGCThread "G1 Refine#0" [stack: 0x00007f3eb0045000,0x00007f3eb0145000] [id=15995]
  0x00007f3eac0ac800 ConcurrentGCThread "G1 Refine#1" [stack: 0x00007f3e90a85000,0x00007f3e90b85000] [id=15996]
  0x00007f3eac0ae800 ConcurrentGCThread "G1 Refine#2" [stack: 0x00007f3e90983000,0x00007f3e90a83000] [id=15997]
  0x00007f3eac0b0000 ConcurrentGCThread "G1 Refine#3" [stack: 0x00007f3e90881000,0x00007f3e90981000] [id=15998]
  0x00007f3eac0b2000 ConcurrentGCThread "G1 Young RemSet Sampling" [stack: 0x00007f3e9077f000,0x00007f3e9087f000] [id=15999]

Threads with active compile tasks:

VM state:at safepoint (normal execution)

VM Mutex/Monitor currently owned by a thread:  ([mutex/lock_event])
[0x00007f3eac00e020] Threads_lock - owner thread: 0x00007f3eac112000
[0x00007f3eac00e5c0] Heap_lock - owner thread: 0x00007f3eac011800

Heap address: 0x00000000c1800000, size: 1000 MB, Compressed Oops mode: 32-bit
Narrow klass base: 0x0000000000000000, Narrow klass shift: 3
Compressed class space size: 1073741824 Address: 0x0000000100000000

Heap:
 garbage-first heap   total 498688K, used 120241K [0x00000000c1800000, 0x0000000100000000)
  region size 1024K, 2 young (2048K), 2 survivors (2048K)
 Metaspace       used 8535K, capacity 8709K, committed 8960K, reserved 1056768K
  class space    used 699K, capacity 737K, committed 768K, reserved 1048576K
Heap Regions: E=young(eden), S=young(survivor), O=old, HS=humongous(starts), HC=humongous(continues), CS=collection set, F=free, A=archive, TS=gc time stamp, AC=allocation context, TAMS=top-at-mark-start (previous, next)
|   0|0x00000000c1800000, 0x00000000c1900000, 0x00000000c1900000|100%|HS|  |TS  0|AC  0|TAMS 0x00000000c1900000, 0x00000000c1900000|
|   1|0x00000000c1900000, 0x00000000c1a00000, 0x00000000c1a00000|100%| O|  |TS  0|AC  0|TAMS 0x00000000c1a00000, 0x00000000c1a00000|
|   2|0x00000000c1a00000, 0x00000000c1b00000, 0x00000000c1b00000|100%| O|  |TS  0|AC  0|TAMS 0x00000000c1b00000, 0x00000000c1b00000|
|   3|0x00000000c1b00000, 0x00000000c1c00000, 0x00000000c1c00000|100%| O|  |TS  0|AC  0|TAMS 0x00000000c1c00000, 0x00000000c1c00000|
|   4|0x00000000c1c00000, 0x00000000c1d00000, 0x00000000c1d00000|100%| O|  |TS  0|AC  0|TAMS 0x00000000c1d00000, 0x00000000c1d00000|
|   5|0x00000000c1d00000, 0x00000000c1e00000, 0x00000000c1e00000|100%| O|  |TS  1|AC  0|TAMS 0x00000000c1d00000, 0x00000000c1d00000|
|   6|0x00000000c1e00000, 0x00000000c1f00000, 0x00000000c1f00000|100%| O|  |TS  1|AC  0|TAMS 0x00000000c1e00000, 0x00000000c1e00000|
|   7|0x00000000c1f00000, 0x00000000c2000000, 0x00000000c2000000|100%| O|  |TS  0|AC  0|TAMS 0x00000000c2000000, 0x00000000c2000000|
|   8|0x00000000c2000000, 0x00000000c2100000, 0x00000000c2100000|100%| O|  |TS  0|AC  0|TAMS 0x00000000c2100000, 0x00000000c2100000|
|   9|0x00000000c2100000, 0x00000000c2200000, 0x00000000c2200000|100%| O|  |TS  0|AC  0|TAMS 0x00000000c2200000, 0x00000000c2200000|
|  10|0x00000000c2200000, 0x00000000c2300000, 0x00000000c2300000|100%| O|  |TS  0|AC  0|TAMS 0x00000000c2300000, 0x00000000c2300000|
|  11|0x00000000c2300000, 0x00000000c2400000, 0x00000000c2400000|100%|HS|  |TS  0|AC  0|TAMS 0x00000000c2400000, 0x00000000c2400000|
|  12|0x00000000c2400000, 0x00000000c2500000, 0x00000000c2500000|100%|HC|  |TS  0|AC  0|TAMS 0x00000000c2500000, 0x00000000c2500000|
|  13|0x00000000c2500000, 0x00000000c2600000, 0x00000000c2600000|100%|HC|  |TS  0|AC  0|TAMS 0x00000000c2600000, 0x00000000c2600000|
|  14|0x00000000c2600000, 0x00000000c2700000, 0x00000000c2700000|100%|HC|  |TS  0|AC  0|TAMS 0x00000000c2700000, 0x00000000c2700000|
|  15|0x00000000c2700000, 0x00000000c2800000, 0x00000000c2800000|100%|HC|  |TS  0|AC  0|TAMS 0x00000000c2800000, 0x00000000c2800000|
|  16|0x00000000c2800000, 0x00000000c2900000, 0x00000000c2900000|100%| O|  |TS  0|AC  0|TAMS 0x00000000c2900000, 0x00000000c2900000|
|  17|0x00000000c2900000, 0x00000000c2a00000, 0x00000000c2a00000|100%| O|  |TS  0|AC  0|TAMS 0x00000000c2a00000, 0x00000000c2a00000|
|  18|0x00000000c2a00000, 0x00000000c2b00000, 0x00000000c2b00000|100%| O|  |TS  0|AC  0|TAMS 0x00000000c2b00000, 0x00000000c2b00000|
|  19|0x00000000c2b00000, 0x00000000c2c00000, 0x00000000c2c00000|100%| O|  |TS  1|AC  0|TAMS 0x00000000c2b00000, 0x00000000c2b00000|
|  20|0x00000000c2c00000, 0x00000000c2d00000, 0x00000000c2d00000|100%| O|  |TS  1|AC  0|TAMS 0x00000000c2c00000, 0x00000000c2c00000|
|  21|0x00000000c2d00000, 0x00000000c2e00000, 0x00000000c2e00000|100%| O|  |TS  1|AC  0|TAMS 0x00000000c2d00000, 0x00000000c2d00000|
|  22|0x00000000c2e00000, 0x00000000c2f00000, 0x00000000c2f00000|100%| O|  |TS  1|AC  0|TAMS 0x00000000c2e00000, 0x00000000c2e00000|
|  23|0x00000000c2f00000, 0x00000000c3000000, 0x00000000c3000000|100%| O|  |TS  0|AC  0|TAMS 0x00000000c3000000, 0x00000000c3000000|
|  24|0x00000000c3000000, 0x00000000c3100000, 0x00000000c3100000|100%| O|  |TS  0|AC  0|TAMS 0x00000000c3100000, 0x00000000c3100000|
|  25|0x00000000c3100000, 0x00000000c3200000, 0x00000000c3200000|100%| O|  |TS  0|AC  0|TAMS 0x00000000c3200000, 0x00000000c3200000|
|  26|0x00000000c3200000, 0x00000000c3300000, 0x00000000c3300000|100%| O|  |TS  0|AC  0|TAMS 0x00000000c3300000, 0x00000000c3300000|
|  27|0x00000000c3300000, 0x00000000c3400000, 0x00000000c3400000|100%| O|  |TS  0|AC  0|TAMS 0x00000000c3400000, 0x00000000c3400000|
|  28|0x00000000c3400000, 0x00000000c3500000, 0x00000000c3500000|100%| O|  |TS  0|AC  0|TAMS 0x00000000c3500000, 0x00000000c3500000|
|  29|0x00000000c3500000, 0x00000000c3600000, 0x00000000c3600000|100%| O|  |TS  0|AC  0|TAMS 0x00000000c3600000, 0x00000000c3600000|
|  30|0x00000000c3600000, 0x00000000c3700000, 0x00000000c3700000|100%| O|  |TS  0|AC  0|TAMS 0x00000000c3700000, 0x00000000c3700000|
|  31|0x00000000c3700000, 0x00000000c3800000, 0x00000000c3800000|100%| O|  |TS  0|AC  0|TAMS 0x00000000c3800000, 0x00000000c3800000|
|  32|0x00000000c3800000, 0x00000000c3900000, 0x00000000c3900000|100%| O|  |TS  0|AC  0|TAMS 0x00000000c3900000, 0x00000000c3900000|
|  33|0x00000000c3900000, 0x00000000c3a00000, 0x00000000c3a00000|100%| O|  |TS  0|AC  0|TAMS 0x00000000c3a00000, 0x00000000c3a00000|
|  34|0x00000000c3a00000, 0x00000000c3b00000, 0x00000000c3b00000|100%| O|  |TS  0|AC  0|TAMS 0x00000000c3b00000, 0x00000000c3b00000|
|  35|0x00000000c3b00000, 0x00000000c3c00000, 0x00000000c3c00000|100%| O|  |TS  0|AC  0|TAMS 0x00000000c3c00000, 0x00000000c3c00000|
|  36|0x00000000c3c00000, 0x00000000c3d00000, 0x00000000c3d00000|100%| O|  |TS  0|AC  0|TAMS 0x00000000c3c00000, 0x00000000c3c00000|
|  37|0x00000000c3d00000, 0x00000000c3e00000, 0x00000000c3e00000|100%|HS|  |TS  0|AC  0|TAMS 0x00000000c3e00000, 0x00000000c3e00000|
|  38|0x00000000c3e00000, 0x00000000c3f00000, 0x00000000c3f00000|100%|HC|  |TS  0|AC  0|TAMS 0x00000000c3f00000, 0x00000000c3f00000|
|  39|0x00000000c3f00000, 0x00000000c4000000, 0x00000000c4000000|100%|HC|  |TS  0|AC  0|TAMS 0x00000000c4000000, 0x00000000c4000000|
|  40|0x00000000c4000000, 0x00000000c4100000, 0x00000000c4100000|100%|HS|  |TS  0|AC  0|TAMS 0x00000000c4100000, 0x00000000c4100000|
|  41|0x00000000c4100000, 0x00000000c4200000, 0x00000000c4200000|100%|HC|  |TS  0|AC  0|TAMS 0x00000000c4200000, 0x00000000c4200000|
|  42|0x00000000c4200000, 0x00000000c4300000, 0x00000000c4300000|100%|HC|  |TS  0|AC  0|TAMS 0x00000000c4300000, 0x00000000c4300000|
|  43|0x00000000c4300000, 0x00000000c4400000, 0x00000000c4400000|100%| O|  |TS  0|AC  0|TAMS 0x00000000c4400000, 0x00000000c4400000|
|  44|0x00000000c4400000, 0x00000000c4500000, 0x00000000c4500000|100%| O|  |TS  0|AC  0|TAMS 0x00000000c4500000, 0x00000000c4500000|
|  45|0x00000000c4500000, 0x00000000c4600000, 0x00000000c4600000|100%| O|  |TS  0|AC  0|TAMS 0x00000000c4600000, 0x00000000c4600000|
|  46|0x00000000c4600000, 0x00000000c4700000, 0x00000000c4700000|100%| O|  |TS  0|AC  0|TAMS 0x00000000c4700000, 0x00000000c4700000|
|  47|0x00000000c4700000, 0x00000000c4800000, 0x00000000c4800000|100%| O|  |TS  0|AC  0|TAMS 0x00000000c4800000, 0x00000000c4800000|
|  48|0x00000000c4800000, 0x00000000c4900000, 0x00000000c4900000|100%| O|  |TS  0|AC  0|TAMS 0x00000000c4900000, 0x00000000c4900000|
|  49|0x00000000c4900000, 0x00000000c4a00000, 0x00000000c4a00000|100%| O|  |TS  0|AC  0|TAMS 0x00000000c4a00000, 0x00000000c4a00000|
|  50|0x00000000c4a00000, 0x00000000c4b00000, 0x00000000c4b00000|100%| O|  |TS  0|AC  0|TAMS 0x00000000c4b00000, 0x00000000c4b00000|
|  51|0x00000000c4b00000, 0x00000000c4c00000, 0x00000000c4c00000|100%| O|  |TS  0|AC  0|TAMS 0x00000000c4c00000, 0x00000000c4c00000|
|  52|0x00000000c4c00000, 0x00000000c4d00000, 0x00000000c4d00000|100%| O|  |TS  0|AC  0|TAMS 0x00000000c4d00000, 0x00000000c4d00000|
|  53|0x00000000c4d00000, 0x00000000c4e00000, 0x00000000c4e00000|100%| O|  |TS  0|AC  0|TAMS 0x00000000c4e00000, 0x00000000c4e00000|
|  54|0x00000000c4e00000, 0x00000000c4f00000, 0x00000000c4f00000|100%| O|  |TS  0|AC  0|TAMS 0x00000000c4f00000, 0x00000000c4f00000|
|  55|0x00000000c4f00000, 0x00000000c5000000, 0x00000000c5000000|100%| O|  |TS  0|AC  0|TAMS 0x00000000c5000000, 0x00000000c5000000|
|  56|0x00000000c5000000, 0x00000000c5100000, 0x00000000c5100000|100%| O|  |TS  0|AC  0|TAMS 0x00000000c5100000, 0x00000000c5100000|
|  57|0x00000000c5100000, 0x00000000c5200000, 0x00000000c5200000|100%| O|  |TS  0|AC  0|TAMS 0x00000000c5200000, 0x00000000c5200000|
|  58|0x00000000c5200000, 0x00000000c5300000, 0x00000000c5300000|100%| O|  |TS  0|AC  0|TAMS 0x00000000c5300000, 0x00000000c5300000|
|  59|0x00000000c5300000, 0x00000000c5400000, 0x00000000c5400000|100%| O|  |TS  0|AC  0|TAMS 0x00000000c5400000, 0x00000000c5400000|
|  60|0x00000000c5400000, 0x00000000c5500000, 0x00000000c5500000|100%| O|  |TS  0|AC  0|TAMS 0x00000000c5500000, 0x00000000c5500000|
|  61|0x00000000c5500000, 0x00000000c5600000, 0x00000000c5600000|100%| O|  |TS  0|AC  0|TAMS 0x00000000c55b5400, 0x00000000c55b5400|
|  62|0x00000000c5600000, 0x00000000c5700000, 0x00000000c5700000|100%| O|  |TS  0|AC  0|TAMS 0x00000000c5600000, 0x00000000c5600000|
|  63|0x00000000c5700000, 0x00000000c5800000, 0x00000000c5800000|100%| O|  |TS  0|AC  0|TAMS 0x00000000c5700000, 0x00000000c5700000|
|  64|0x00000000c5800000, 0x00000000c5900000, 0x00000000c5900000|100%| O|  |TS  0|AC  0|TAMS 0x00000000c5800000, 0x00000000c5800000|
|  65|0x00000000c5900000, 0x00000000c5a00000, 0x00000000c5a00000|100%| O|  |TS  0|AC  0|TAMS 0x00000000c5900000, 0x00000000c5900000|
|  66|0x00000000c5a00000, 0x00000000c5b00000, 0x00000000c5b00000|100%| O|  |TS  0|AC  0|TAMS 0x00000000c5a00000, 0x00000000c5a00000|
|  67|0x00000000c5b00000, 0x00000000c5c00000, 0x00000000c5c00000|100%|HS|  |TS  0|AC  0|TAMS 0x00000000c5b00000, 0x00000000c5b00000|
|  68|0x00000000c5c00000, 0x00000000c5d00000, 0x00000000c5d00000|100%|HC|  |TS  0|AC  0|TAMS 0x00000000c5c00000, 0x00000000c5c00000|
|  69|0x00000000c5d00000, 0x00000000c5e00000, 0x00000000c5e00000|100%|HS|  |TS  0|AC  0|TAMS 0x00000000c5d00000, 0x00000000c5d00000|
|  70|0x00000000c5e00000, 0x00000000c5f00000, 0x00000000c5f00000|100%|HC|  |TS  0|AC  0|TAMS 0x00000000c5e00000, 0x00000000c5e00000|
|  71|0x00000000c5f00000, 0x00000000c6000000, 0x00000000c6000000|100%|HC|  |TS  0|AC  0|TAMS 0x00000000c5f00000, 0x00000000c5f00000|
|  72|0x00000000c6000000, 0x00000000c6100000, 0x00000000c6100000|100%|HC|  |TS  0|AC  0|TAMS 0x00000000c6000000, 0x00000000c6000000|
|  73|0x00000000c6100000, 0x00000000c6200000, 0x00000000c6200000|100%|HC|  |TS  0|AC  0|TAMS 0x00000000c6100000, 0x00000000c6100000|
|  74|0x00000000c6200000, 0x00000000c6300000, 0x00000000c6300000|100%|HC|  |TS  0|AC  0|TAMS 0x00000000c6200000, 0x00000000c6200000|
|  75|0x00000000c6300000, 0x00000000c6400000, 0x00000000c6400000|100%|HS|  |TS  0|AC  0|TAMS 0x00000000c6300000, 0x00000000c6300000|
|  76|0x00000000c6400000, 0x00000000c6500000, 0x00000000c6500000|100%|HC|  |TS  0|AC  0|TAMS 0x00000000c6400000, 0x00000000c6400000|
|  77|0x00000000c6500000, 0x00000000c6600000, 0x00000000c6600000|100%|HC|  |TS  0|AC  0|TAMS 0x00000000c6500000, 0x00000000c6500000|
|  78|0x00000000c6600000, 0x00000000c6700000, 0x00000000c6700000|100%|HC|  |TS  0|AC  0|TAMS 0x00000000c6600000, 0x00000000c6600000|
|  79|0x00000000c6700000, 0x00000000c6800000, 0x00000000c6800000|100%|HC|  |TS  0|AC  0|TAMS 0x00000000c6700000, 0x00000000c6700000|
|  80|0x00000000c6800000, 0x00000000c6900000, 0x00000000c6900000|100%|HC|  |TS  0|AC  0|TAMS 0x00000000c6800000, 0x00000000c6800000|
|  81|0x00000000c6900000, 0x00000000c6a00000, 0x00000000c6a00000|100%| O|  |TS  0|AC  0|TAMS 0x00000000c6900000, 0x00000000c6900000|
|  82|0x00000000c6a00000, 0x00000000c6b00000, 0x00000000c6b00000|100%| O|  |TS  0|AC  0|TAMS 0x00000000c6a00000, 0x00000000c6a00000|
|  83|0x00000000c6b00000, 0x00000000c6c00000, 0x00000000c6c00000|100%| O|  |TS  0|AC  0|TAMS 0x00000000c6b00000, 0x00000000c6b00000|
|  84|0x00000000c6c00000, 0x00000000c6d00000, 0x00000000c6d00000|100%| O|  |TS  0|AC  0|TAMS 0x00000000c6c00000, 0x00000000c6c00000|
|  85|0x00000000c6d00000, 0x00000000c6e00000, 0x00000000c6e00000|100%| O|  |TS  0|AC  0|TAMS 0x00000000c6d00000, 0x00000000c6d00000|
|  86|0x00000000c6e00000, 0x00000000c6f00000, 0x00000000c6f00000|100%| O|  |TS  0|AC  0|TAMS 0x00000000c6e00000, 0x00000000c6e00000|
|  87|0x00000000c6f00000, 0x00000000c7000000, 0x00000000c7000000|100%| O|  |TS  0|AC  0|TAMS 0x00000000c6f00000, 0x00000000c6f00000|
|  88|0x00000000c7000000, 0x00000000c7100000, 0x00000000c7100000|100%| O|  |TS  0|AC  0|TAMS 0x00000000c7000000, 0x00000000c7000000|
|  89|0x00000000c7100000, 0x00000000c7200000, 0x00000000c7200000|100%| O|  |TS  0|AC  0|TAMS 0x00000000c7100000, 0x00000000c7100000|
|  90|0x00000000c7200000, 0x00000000c7300000, 0x00000000c7300000|100%| O|  |TS  1|AC  0|TAMS 0x00000000c7200000, 0x00000000c7200000|
|  91|0x00000000c7300000, 0x00000000c7400000, 0x00000000c7400000|100%| O|  |TS  1|AC  0|TAMS 0x00000000c7300000, 0x00000000c7300000|
|  92|0x00000000c7400000, 0x00000000c7500000, 0x00000000c7500000|100%| O|  |TS  1|AC  0|TAMS 0x00000000c7400000, 0x00000000c7400000|
|  93|0x00000000c7500000, 0x00000000c7600000, 0x00000000c7600000|100%| O|  |TS  1|AC  0|TAMS 0x00000000c7500000, 0x00000000c7500000|
|  94|0x00000000c7600000, 0x00000000c7700000, 0x00000000c7700000|100%| O|  |TS  2|AC  0|TAMS 0x00000000c7600000, 0x00000000c7600000|
|  95|0x00000000c7700000, 0x00000000c7800000, 0x00000000c7800000|100%| O|  |TS  2|AC  0|TAMS 0x00000000c7700000, 0x00000000c7700000|
|  96|0x00000000c7800000, 0x00000000c7900000, 0x00000000c7900000|100%| O|  |TS  2|AC  0|TAMS 0x00000000c7800000, 0x00000000c7800000|
|  97|0x00000000c7900000, 0x00000000c7a00000, 0x00000000c7a00000|100%| O|  |TS  2|AC  0|TAMS 0x00000000c7900000, 0x00000000c7900000|
|  98|0x00000000c7a00000, 0x00000000c7b00000, 0x00000000c7b00000|100%| O|  |TS  2|AC  0|TAMS 0x00000000c7a00000, 0x00000000c7a00000|
|  99|0x00000000c7b00000, 0x00000000c7c00000, 0x00000000c7c00000|100%| O|  |TS  2|AC  0|TAMS 0x00000000c7b00000, 0x00000000c7b00000|
| 100|0x00000000c7c00000, 0x00000000c7d00000, 0x00000000c7d00000|100%| O|  |TS  2|AC  0|TAMS 0x00000000c7c00000, 0x00000000c7c00000|
| 101|0x00000000c7d00000, 0x00000000c7e00000, 0x00000000c7e00000|100%| O|  |TS  2|AC  0|TAMS 0x00000000c7d00000, 0x00000000c7d00000|
| 102|0x00000000c7e00000, 0x00000000c7f00000, 0x00000000c7f00000|100%| O|  |TS  2|AC  0|TAMS 0x00000000c7e00000, 0x00000000c7e00000|
| 103|0x00000000c7f00000, 0x00000000c8000000, 0x00000000c8000000|100%| O|  |TS  3|AC  0|TAMS 0x00000000c7f00000, 0x00000000c7f00000|
| 104|0x00000000c8000000, 0x00000000c8100000, 0x00000000c8100000|100%| O|  |TS  3|AC  0|TAMS 0x00000000c8000000, 0x00000000c8000000|
| 105|0x00000000c8100000, 0x00000000c8200000, 0x00000000c8200000|100%| O|  |TS  3|AC  0|TAMS 0x00000000c8100000, 0x00000000c8100000|
| 106|0x00000000c8200000, 0x00000000c8300000, 0x00000000c8300000|100%| O|  |TS  3|AC  0|TAMS 0x00000000c8200000, 0x00000000c8200000|
| 107|0x00000000c8300000, 0x00000000c8400000, 0x00000000c8400000|100%| O|  |TS  3|AC  0|TAMS 0x00000000c8300000, 0x00000000c8300000|
| 108|0x00000000c8400000, 0x00000000c8500000, 0x00000000c8500000|100%| O|  |TS  3|AC  0|TAMS 0x00000000c8400000, 0x00000000c8400000|
| 109|0x00000000c8500000, 0x00000000c8600000, 0x00000000c8600000|100%| O|  |TS  3|AC  0|TAMS 0x00000000c8500000, 0x00000000c8500000|
| 110|0x00000000c8600000, 0x00000000c8700000, 0x00000000c8700000|100%| O|  |TS  3|AC  0|TAMS 0x00000000c8600000, 0x00000000c8600000|
| 111|0x00000000c8700000, 0x00000000c8800000, 0x00000000c8800000|100%| O|  |TS  3|AC  0|TAMS 0x00000000c8700000, 0x00000000c8700000|
| 112|0x00000000c8800000, 0x00000000c8900000, 0x00000000c8900000|100%| O|  |TS  3|AC  0|TAMS 0x00000000c8800000, 0x00000000c8800000|
| 113|0x00000000c8900000, 0x00000000c8a00000, 0x00000000c8a00000|100%| O|  |TS  3|AC  0|TAMS 0x00000000c8900000, 0x00000000c8900000|
| 114|0x00000000c8a00000, 0x00000000c8b00000, 0x00000000c8b00000|100%| O|  |TS  3|AC  0|TAMS 0x00000000c8a00000, 0x00000000c8a00000|
| 115|0x00000000c8b00000, 0x00000000c8b6c400, 0x00000000c8c00000| 42%| O|  |TS  3|AC  0|TAMS 0x00000000c8b00000, 0x00000000c8b00000|
| 116|0x00000000c8c00000, 0x00000000c8c00000, 0x00000000c8d00000|  0%| F|  |TS  0|AC  0|TAMS 0x00000000c8c00000, 0x00000000c8c00000|
| 117|0x00000000c8d00000, 0x00000000c8d00000, 0x00000000c8e00000|  0%| F|  |TS  0|AC  0|TAMS 0x00000000c8d00000, 0x00000000c8d00000|
| 118|0x00000000c8e00000, 0x00000000c8e00000, 0x00000000c8f00000|  0%| F|  |TS  0|AC  0|TAMS 0x00000000c8e00000, 0x00000000c8e00000|
| 119|0x00000000c8f00000, 0x00000000c8f00000, 0x00000000c9000000|  0%| F|  |TS  0|AC  0|TAMS 0x00000000c8f00000, 0x00000000c8f00000|
| 120|0x00000000c9000000, 0x00000000c9000000, 0x00000000c9100000|  0%| F|  |TS  0|AC  0|TAMS 0x00000000c9000000, 0x00000000c9000000|
| 121|0x00000000c9100000, 0x00000000c9100000, 0x00000000c9200000|  0%| F|  |TS  0|AC  0|TAMS 0x00000000c9100000, 0x00000000c9100000|
| 122|0x00000000c9200000, 0x00000000c9200000, 0x00000000c9300000|  0%| F|  |TS  0|AC  0|TAMS 0x00000000c9200000, 0x00000000c9200000|
| 123|0x00000000c9300000, 0x00000000c9300000, 0x00000000c9400000|  0%| F|  |TS  0|AC  0|TAMS 0x00000000c9300000, 0x00000000c9300000|
| 124|0x00000000c9400000, 0x00000000c9400000, 0x00000000c9500000|  0%| F|  |TS  0|AC  0|TAMS 0x00000000c9400000, 0x00000000c9400000|
| 125|0x00000000c9500000, 0x00000000c9500000, 0x00000000c9600000|  0%| F|  |TS  0|AC  0|TAMS 0x00000000c9500000, 0x00000000c9500000|
| 126|0x00000000c9600000, 0x00000000c9600000, 0x00000000c9700000|  0%| F|  |TS  0|AC  0|TAMS 0x00000000c9600000, 0x00000000c9600000|
| 127|0x00000000c9700000, 0x00000000c9700000, 0x00000000c9800000|  0%| F|  |TS  0|AC  0|TAMS 0x00000000c9700000, 0x00000000c9700000|
| 128|0x00000000c9800000, 0x00000000c9800000, 0x00000000c9900000|  0%| F|  |TS  0|AC  0|TAMS 0x00000000c9800000, 0x00000000c9800000|
| 129|0x00000000c9900000, 0x00000000c9900000, 0x00000000c9a00000|  0%| F|  |TS  0|AC  0|TAMS 0x00000000c9900000, 0x00000000c9900000|
| 130|0x00000000c9a00000, 0x00000000c9a00000, 0x00000000c9b00000|  0%| F|  |TS  0|AC  0|TAMS 0x00000000c9a00000, 0x00000000c9a00000|
| 131|0x00000000c9b00000, 0x00000000c9b00000, 0x00000000c9c00000|  0%| F|  |TS  0|AC  0|TAMS 0x00000000c9b00000, 0x00000000c9b00000|
| 132|0x00000000c9c00000, 0x00000000c9c00000, 0x00000000c9d00000|  0%| F|  |TS  0|AC  0|TAMS 0x00000000c9c00000, 0x00000000c9c00000|
| 133|0x00000000c9d00000, 0x00000000c9d00000, 0x00000000c9e00000|  0%| F|  |TS  0|AC  0|TAMS 0x00000000c9d00000, 0x00000000c9d00000|
| 134|0x00000000c9e00000, 0x00000000c9e00000, 0x00000000c9f00000|  0%| F|  |TS  0|AC  0|TAMS 0x00000000c9e00000, 0x00000000c9e00000|
| 135|0x00000000c9f00000, 0x00000000c9f00000, 0x00000000ca000000|  0%| F|  |TS  0|AC  0|TAMS 0x00000000c9f00000, 0x00000000c9f00000|
| 136|0x00000000ca000000, 0x00000000ca000000, 0x00000000ca100000|  0%| F|  |TS  0|AC  0|TAMS 0x00000000ca000000, 0x00000000ca000000|
| 137|0x00000000ca100000, 0x00000000ca100000, 0x00000000ca200000|  0%| F|  |TS  0|AC  0|TAMS 0x00000000ca100000, 0x00000000ca100000|
| 138|0x00000000ca200000, 0x00000000ca200000, 0x00000000ca300000|  0%| F|  |TS  0|AC  0|TAMS 0x00000000ca200000, 0x00000000ca200000|
| 139|0x00000000ca300000, 0x00000000ca300000, 0x00000000ca400000|  0%| F|  |TS  0|AC  0|TAMS 0x00000000ca300000, 0x00000000ca300000|
| 140|0x00000000ca400000, 0x00000000ca400000, 0x00000000ca500000|  0%| F|  |TS  0|AC  0|TAMS 0x00000000ca400000, 0x00000000ca400000|
| 141|0x00000000ca500000, 0x00000000ca500000, 0x00000000ca600000|  0%| F|  |TS  0|AC  0|TAMS 0x00000000ca500000, 0x00000000ca500000|
| 142|0x00000000ca600000, 0x00000000ca600000, 0x00000000ca700000|  0%| F|  |TS  0|AC  0|TAMS 0x00000000ca600000, 0x00000000ca600000|
| 143|0x00000000ca700000, 0x00000000ca700000, 0x00000000ca800000|  0%| F|  |TS  0|AC  0|TAMS 0x00000000ca700000, 0x00000000ca700000|
| 144|0x00000000ca800000, 0x00000000ca800000, 0x00000000ca900000|  0%| F|  |TS  0|AC  0|TAMS 0x00000000ca800000, 0x00000000ca800000|
| 145|0x00000000ca900000, 0x00000000ca900000, 0x00000000caa00000|  0%| F|  |TS  0|AC  0|TAMS 0x00000000ca900000, 0x00000000ca900000|
| 146|0x00000000caa00000, 0x00000000caa00000, 0x00000000cab00000|  0%| F|  |TS  0|AC  0|TAMS 0x00000000caa00000, 0x00000000caa00000|
| 147|0x00000000cab00000, 0x00000000cab00000, 0x00000000cac00000|  0%| F|  |TS  0|AC  0|TAMS 0x00000000cab00000, 0x00000000cab00000|
| 148|0x00000000cac00000, 0x00000000cac00000, 0x00000000cad00000|  0%| F|  |TS  0|AC  0|TAMS 0x00000000cac00000, 0x00000000cac00000|
| 149|0x00000000cad00000, 0x00000000cad00000, 0x00000000cae00000|  0%| F|  |TS  0|AC  0|TAMS 0x00000000cad00000, 0x00000000cad00000|
| 150|0x00000000cae00000, 0x00000000cae00000, 0x00000000caf00000|  0%| F|  |TS  0|AC  0|TAMS 0x00000000cae00000, 0x00000000cae00000|
| 151|0x00000000caf00000, 0x00000000caf00000, 0x00000000cb000000|  0%| F|  |TS  0|AC  0|TAMS 0x00000000caf00000, 0x00000000caf00000|
| 152|0x00000000cb000000, 0x00000000cb000000, 0x00000000cb100000|  0%| F|  |TS  0|AC  0|TAMS 0x00000000cb000000, 0x00000000cb000000|
| 153|0x00000000cb100000, 0x00000000cb100000, 0x00000000cb200000|  0%| F|  |TS  0|AC  0|TAMS 0x00000000cb100000, 0x00000000cb100000|
| 154|0x00000000cb200000, 0x00000000cb200000, 0x00000000cb300000|  0%| F|  |TS  0|AC  0|TAMS 0x00000000cb200000, 0x00000000cb200000|
| 155|0x00000000cb300000, 0x00000000cb300000, 0x00000000cb400000|  0%| F|  |TS  0|AC  0|TAMS 0x00000000cb300000, 0x00000000cb300000|
| 156|0x00000000cb400000, 0x00000000cb400000, 0x00000000cb500000|  0%| F|  |TS  0|AC  0|TAMS 0x00000000cb400000, 0x00000000cb400000|
| 157|0x00000000cb500000, 0x00000000cb500000, 0x00000000cb600000|  0%| F|  |TS  0|AC  0|TAMS 0x00000000cb500000, 0x00000000cb500000|
| 158|0x00000000cb600000, 0x00000000cb600000, 0x00000000cb700000|  0%| F|  |TS  0|AC  0|TAMS 0x00000000cb600000, 0x00000000cb600000|
| 159|0x00000000cb700000, 0x00000000cb700000, 0x00000000cb800000|  0%| F|  |TS  0|AC  0|TAMS 0x00000000cb700000, 0x00000000cb700000|
| 160|0x00000000cb800000, 0x00000000cb800000, 0x00000000cb900000|  0%| F|  |TS  0|AC  0|TAMS 0x00000000cb800000, 0x00000000cb800000|
| 161|0x00000000cb900000, 0x00000000cb900000, 0x00000000cba00000|  0%| F|  |TS  0|AC  0|TAMS 0x00000000cb900000, 0x00000000cb900000|
| 162|0x00000000cba00000, 0x00000000cba00000, 0x00000000cbb00000|  0%| F|  |TS  0|AC  0|TAMS 0x00000000cba00000, 0x00000000cba00000|
| 163|0x00000000cbb00000, 0x00000000cbb00000, 0x00000000cbc00000|  0%| F|  |TS  0|AC  0|TAMS 0x00000000cbb00000, 0x00000000cbb00000|
| 164|0x00000000cbc00000, 0x00000000cbc00000, 0x00000000cbd00000|  0%| F|  |TS  0|AC  0|TAMS 0x00000000cbc00000, 0x00000000cbc00000|
| 165|0x00000000cbd00000, 0x00000000cbd00000, 0x00000000cbe00000|  0%| F|  |TS  0|AC  0|TAMS 0x00000000cbd00000, 0x00000000cbd00000|
| 166|0x00000000cbe00000, 0x00000000cbe00000, 0x00000000cbf00000|  0%| F|  |TS  0|AC  0|TAMS 0x00000000cbe00000, 0x00000000cbe00000|
| 167|0x00000000cbf00000, 0x00000000cbf00000, 0x00000000cc000000|  0%| F|  |TS  0|AC  0|TAMS 0x00000000cbf00000, 0x00000000cbf00000|
| 168|0x00000000cc000000, 0x00000000cc000000, 0x00000000cc100000|  0%| F|  |TS  0|AC  0|TAMS 0x00000000cc000000, 0x00000000cc000000|
| 169|0x00000000cc100000, 0x00000000cc100000, 0x00000000cc200000|  0%| F|  |TS  0|AC  0|TAMS 0x00000000cc100000, 0x00000000cc100000|
| 170|0x00000000cc200000, 0x00000000cc200000, 0x00000000cc300000|  0%| F|  |TS  0|AC  0|TAMS 0x00000000cc200000, 0x00000000cc200000|
| 171|0x00000000cc300000, 0x00000000cc300000, 0x00000000cc400000|  0%| F|  |TS  0|AC  0|TAMS 0x00000000cc300000, 0x00000000cc300000|
| 172|0x00000000cc400000, 0x00000000cc400000, 0x00000000cc500000|  0%| F|  |TS  0|AC  0|TAMS 0x00000000cc400000, 0x00000000cc400000|
| 173|0x00000000cc500000, 0x00000000cc500000, 0x00000000cc600000|  0%| F|  |TS  0|AC  0|TAMS 0x00000000cc500000, 0x00000000cc500000|
| 174|0x00000000cc600000, 0x00000000cc600000, 0x00000000cc700000|  0%| F|  |TS  0|AC  0|TAMS 0x00000000cc600000, 0x00000000cc600000|
| 175|0x00000000cc700000, 0x00000000cc700000, 0x00000000cc800000|  0%| F|  |TS  0|AC  0|TAMS 0x00000000cc700000, 0x00000000cc700000|
| 176|0x00000000cc800000, 0x00000000cc800000, 0x00000000cc900000|  0%| F|  |TS  0|AC  0|TAMS 0x00000000cc800000, 0x00000000cc800000|
| 177|0x00000000cc900000, 0x00000000cc900000, 0x00000000cca00000|  0%| F|  |TS  0|AC  0|TAMS 0x00000000cc900000, 0x00000000cc900000|
| 178|0x00000000cca00000, 0x00000000cca00000, 0x00000000ccb00000|  0%| F|  |TS  0|AC  0|TAMS 0x00000000cca00000, 0x00000000cca00000|
| 179|0x00000000ccb00000, 0x00000000ccb00000, 0x00000000ccc00000|  0%| F|  |TS  0|AC  0|TAMS 0x00000000ccb00000, 0x00000000ccb00000|
| 180|0x00000000ccc00000, 0x00000000ccc00000, 0x00000000ccd00000|  0%| F|  |TS  0|AC  0|TAMS 0x00000000ccc00000, 0x00000000ccc00000|
| 181|0x00000000ccd00000, 0x00000000ccd00000, 0x00000000cce00000|  0%| F|  |TS  0|AC  0|TAMS 0x00000000ccd00000, 0x00000000ccd00000|
| 182|0x00000000cce00000, 0x00000000cce00000, 0x00000000ccf00000|  0%| F|  |TS  0|AC  0|TAMS 0x00000000cce00000, 0x00000000cce00000|
| 183|0x00000000ccf00000, 0x00000000ccf00000, 0x00000000cd000000|  0%| F|  |TS  0|AC  0|TAMS 0x00000000ccf00000, 0x00000000ccf00000|
| 184|0x00000000cd000000, 0x00000000cd000000, 0x00000000cd100000|  0%| F|  |TS  0|AC  0|TAMS 0x00000000cd000000, 0x00000000cd000000|
| 185|0x00000000cd100000, 0x00000000cd100000, 0x00000000cd200000|  0%| F|  |TS  0|AC  0|TAMS 0x00000000cd100000, 0x00000000cd100000|
| 186|0x00000000cd200000, 0x00000000cd200000, 0x00000000cd300000|  0%| F|  |TS  0|AC  0|TAMS 0x00000000cd200000, 0x00000000cd200000|
| 187|0x00000000cd300000, 0x00000000cd300000, 0x00000000cd400000|  0%| F|  |TS  0|AC  0|TAMS 0x00000000cd300000, 0x00000000cd300000|
| 188|0x00000000cd400000, 0x00000000cd400000, 0x00000000cd500000|  0%| F|  |TS  0|AC  0|TAMS 0x00000000cd400000, 0x00000000cd400000|
| 189|0x00000000cd500000, 0x00000000cd500000, 0x00000000cd600000|  0%| F|  |TS  0|AC  0|TAMS 0x00000000cd500000, 0x00000000cd500000|
| 190|0x00000000cd600000, 0x00000000cd600000, 0x00000000cd700000|  0%| F|  |TS  0|AC  0|TAMS 0x00000000cd600000, 0x00000000cd600000|
| 191|0x00000000cd700000, 0x00000000cd700000, 0x00000000cd800000|  0%| F|  |TS  0|AC  0|TAMS 0x00000000cd700000, 0x00000000cd700000|
| 192|0x00000000cd800000, 0x00000000cd800000, 0x00000000cd900000|  0%| F|  |TS  0|AC  0|TAMS 0x00000000cd800000, 0x00000000cd800000|
| 193|0x00000000cd900000, 0x00000000cd900000, 0x00000000cda00000|  0%| F|  |TS  0|AC  0|TAMS 0x00000000cd900000, 0x00000000cd900000|
| 194|0x00000000cda00000, 0x00000000cda00000, 0x00000000cdb00000|  0%| F|  |TS  0|AC  0|TAMS 0x00000000cda00000, 0x00000000cda00000|
| 195|0x00000000cdb00000, 0x00000000cdb00000, 0x00000000cdc00000|  0%| F|  |TS  0|AC  0|TAMS 0x00000000cdb00000, 0x00000000cdb00000|
| 196|0x00000000cdc00000, 0x00000000cdc00000, 0x00000000cdd00000|  0%| F|  |TS  0|AC  0|TAMS 0x00000000cdc00000, 0x00000000cdc00000|
| 197|0x00000000cdd00000, 0x00000000cdd00000, 0x00000000cde00000|  0%| F|  |TS  0|AC  0|TAMS 0x00000000cdd00000, 0x00000000cdd00000|
| 198|0x00000000cde00000, 0x00000000cde00000, 0x00000000cdf00000|  0%| F|  |TS  0|AC  0|TAMS 0x00000000cde00000, 0x00000000cde00000|
| 199|0x00000000cdf00000, 0x00000000cdf00000, 0x00000000ce000000|  0%| F|  |TS  0|AC  0|TAMS 0x00000000cdf00000, 0x00000000cdf00000|
| 200|0x00000000ce000000, 0x00000000ce000000, 0x00000000ce100000|  0%| F|  |TS  0|AC  0|TAMS 0x00000000ce000000, 0x00000000ce000000|
| 201|0x00000000ce100000, 0x00000000ce100000, 0x00000000ce200000|  0%| F|  |TS  0|AC  0|TAMS 0x00000000ce100000, 0x00000000ce100000|
| 202|0x00000000ce200000, 0x00000000ce200000, 0x00000000ce300000|  0%| F|  |TS  0|AC  0|TAMS 0x00000000ce200000, 0x00000000ce200000|
| 203|0x00000000ce300000, 0x00000000ce300000, 0x00000000ce400000|  0%| F|  |TS  0|AC  0|TAMS 0x00000000ce300000, 0x00000000ce300000|
| 204|0x00000000ce400000, 0x00000000ce400000, 0x00000000ce500000|  0%| F|  |TS  0|AC  0|TAMS 0x00000000ce400000, 0x00000000ce400000|
| 205|0x00000000ce500000, 0x00000000ce500000, 0x00000000ce600000|  0%| F|  |TS  0|AC  0|TAMS 0x00000000ce500000, 0x00000000ce500000|
| 206|0x00000000ce600000, 0x00000000ce600000, 0x00000000ce700000|  0%| F|  |TS  0|AC  0|TAMS 0x00000000ce600000, 0x00000000ce600000|
| 207|0x00000000ce700000, 0x00000000ce700000, 0x00000000ce800000|  0%| F|  |TS  0|AC  0|TAMS 0x00000000ce700000, 0x00000000ce700000|
| 208|0x00000000ce800000, 0x00000000ce800000, 0x00000000ce900000|  0%| F|  |TS  0|AC  0|TAMS 0x00000000ce800000, 0x00000000ce800000|
| 209|0x00000000ce900000, 0x00000000ce900000, 0x00000000cea00000|  0%| F|  |TS  0|AC  0|TAMS 0x00000000ce900000, 0x00000000ce900000|
| 210|0x00000000cea00000, 0x00000000cea00000, 0x00000000ceb00000|  0%| F|  |TS  0|AC  0|TAMS 0x00000000cea00000, 0x00000000cea00000|
| 211|0x00000000ceb00000, 0x00000000ceb00000, 0x00000000cec00000|  0%| F|  |TS  0|AC  0|TAMS 0x00000000ceb00000, 0x00000000ceb00000|
| 212|0x00000000cec00000, 0x00000000cec00000, 0x00000000ced00000|  0%| F|  |TS  0|AC  0|TAMS 0x00000000cec00000, 0x00000000cec00000|
| 213|0x00000000ced00000, 0x00000000ced00000, 0x00000000cee00000|  0%| F|  |TS  0|AC  0|TAMS 0x00000000ced00000, 0x00000000ced00000|
| 214|0x00000000cee00000, 0x00000000cee00000, 0x00000000cef00000|  0%| F|  |TS  0|AC  0|TAMS 0x00000000cee00000, 0x00000000cee00000|
| 215|0x00000000cef00000, 0x00000000cef00000, 0x00000000cf000000|  0%| F|  |TS  0|AC  0|TAMS 0x00000000cef00000, 0x00000000cef00000|
| 216|0x00000000cf000000, 0x00000000cf000000, 0x00000000cf100000|  0%| F|  |TS  0|AC  0|TAMS 0x00000000cf000000, 0x00000000cf000000|
| 217|0x00000000cf100000, 0x00000000cf100000, 0x00000000cf200000|  0%| F|  |TS  0|AC  0|TAMS 0x00000000cf100000, 0x00000000cf100000|
| 218|0x00000000cf200000, 0x00000000cf200000, 0x00000000cf300000|  0%| F|  |TS  0|AC  0|TAMS 0x00000000cf200000, 0x00000000cf200000|
| 219|0x00000000cf300000, 0x00000000cf300000, 0x00000000cf400000|  0%| F|  |TS  0|AC  0|TAMS 0x00000000cf300000, 0x00000000cf300000|
| 220|0x00000000cf400000, 0x00000000cf400000, 0x00000000cf500000|  0%| F|  |TS  0|AC  0|TAMS 0x00000000cf400000, 0x00000000cf400000|
| 221|0x00000000cf500000, 0x00000000cf500000, 0x00000000cf600000|  0%| F|  |TS  0|AC  0|TAMS 0x00000000cf500000, 0x00000000cf500000|
| 222|0x00000000cf600000, 0x00000000cf600000, 0x00000000cf700000|  0%| F|  |TS  0|AC  0|TAMS 0x00000000cf600000, 0x00000000cf600000|
| 223|0x00000000cf700000, 0x00000000cf700000, 0x00000000cf800000|  0%| F|  |TS  0|AC  0|TAMS 0x00000000cf700000, 0x00000000cf700000|
| 224|0x00000000cf800000, 0x00000000cf800000, 0x00000000cf900000|  0%| F|  |TS  2|AC  0|TAMS 0x00000000cf800000, 0x00000000cf800000|
| 225|0x00000000cf900000, 0x00000000cf900000, 0x00000000cfa00000|  0%| F|  |TS  2|AC  0|TAMS 0x00000000cf900000, 0x00000000cf900000|
| 226|0x00000000cfa00000, 0x00000000cfa00000, 0x00000000cfb00000|  0%| F|  |TS  2|AC  0|TAMS 0x00000000cfa00000, 0x00000000cfa00000|
| 227|0x00000000cfb00000, 0x00000000cfb00000, 0x00000000cfc00000|  0%| F|  |TS  1|AC  0|TAMS 0x00000000cfb00000, 0x00000000cfb00000|
| 228|0x00000000cfc00000, 0x00000000cfc00000, 0x00000000cfd00000|  0%| F|  |TS  1|AC  0|TAMS 0x00000000cfc00000, 0x00000000cfc00000|
| 229|0x00000000cfd00000, 0x00000000cfd00000, 0x00000000cfe00000|  0%| F|  |TS  1|AC  0|TAMS 0x00000000cfd00000, 0x00000000cfd00000|
| 230|0x00000000cfe00000, 0x00000000cff00000, 0x00000000cff00000|100%| S|CS|TS  3|AC  0|TAMS 0x00000000cfe00000, 0x00000000cfe00000|
| 231|0x00000000cff00000, 0x00000000d0000000, 0x00000000d0000000|100%| S|CS|TS  3|AC  0|TAMS 0x00000000cff00000, 0x00000000cff00000|
| 232|0x00000000d0000000, 0x00000000d0000000, 0x00000000d0100000|  0%| F|  |TS  3|AC  0|TAMS 0x00000000d0000000, 0x00000000d0000000|
| 233|0x00000000d0100000, 0x00000000d0100000, 0x00000000d0200000|  0%| F|  |TS  3|AC  0|TAMS 0x00000000d0100000, 0x00000000d0100000|
| 234|0x00000000d0200000, 0x00000000d0200000, 0x00000000d0300000|  0%| F|  |TS  3|AC  0|TAMS 0x00000000d0200000, 0x00000000d0200000|
| 235|0x00000000d0300000, 0x00000000d0300000, 0x00000000d0400000|  0%| F|  |TS  3|AC  0|TAMS 0x00000000d0300000, 0x00000000d0300000|
| 236|0x00000000d0400000, 0x00000000d0400000, 0x00000000d0500000|  0%| F|  |TS  3|AC  0|TAMS 0x00000000d0400000, 0x00000000d0400000|
| 237|0x00000000d0500000, 0x00000000d0500000, 0x00000000d0600000|  0%| F|  |TS  3|AC  0|TAMS 0x00000000d0500000, 0x00000000d0500000|
| 238|0x00000000d0600000, 0x00000000d0600000, 0x00000000d0700000|  0%| F|  |TS  3|AC  0|TAMS 0x00000000d0600000, 0x00000000d0600000|
| 239|0x00000000d0700000, 0x00000000d0700000, 0x00000000d0800000|  0%| F|  |TS  3|AC  0|TAMS 0x00000000d0700000, 0x00000000d0700000|
| 240|0x00000000d0800000, 0x00000000d0800000, 0x00000000d0900000|  0%| F|  |TS  3|AC  0|TAMS 0x00000000d0800000, 0x00000000d0800000|
| 241|0x00000000d0900000, 0x00000000d0900000, 0x00000000d0a00000|  0%| F|  |TS  3|AC  0|TAMS 0x00000000d0900000, 0x00000000d0900000|
| 242|0x00000000d0a00000, 0x00000000d0a00000, 0x00000000d0b00000|  0%| F|  |TS  3|AC  0|TAMS 0x00000000d0a00000, 0x00000000d0a00000|
| 243|0x00000000d0b00000, 0x00000000d0b00000, 0x00000000d0c00000|  0%| F|  |TS  3|AC  0|TAMS 0x00000000d0b00000, 0x00000000d0b00000|
| 244|0x00000000d0c00000, 0x00000000d0c00000, 0x00000000d0d00000|  0%| F|  |TS  3|AC  0|TAMS 0x00000000d0c00000, 0x00000000d0c00000|
| 245|0x00000000d0d00000, 0x00000000d0d00000, 0x00000000d0e00000|  0%| F|  |TS  3|AC  0|TAMS 0x00000000d0d00000, 0x00000000d0d00000|
| 246|0x00000000d0e00000, 0x00000000d0e00000, 0x00000000d0f00000|  0%| F|  |TS  3|AC  0|TAMS 0x00000000d0e00000, 0x00000000d0e00000|
| 247|0x00000000d0f00000, 0x00000000d0f00000, 0x00000000d1000000|  0%| F|  |TS  3|AC  0|TAMS 0x00000000d0f00000, 0x00000000d0f00000|

Card table byte_map: [0x00007f3eb18e1000,0x00007f3eb1ad5000] byte_map_base: 0x00007f3eb12d5000

Marking Bits (Prev, Next): (CMBitMap*) 0x00007f3eac043d88, (CMBitMap*) 0x00007f3eac043d50
 Prev Bits: [0x00007f3e92b85000, 0x00007f3e93b25000)
 Next Bits: [0x00007f3eb074d000, 0x00007f3eb16ed000)

Polling page: 0x00007f3eb63c5000

CodeHeap 'non-profiled nmethods': size=120032Kb used=357Kb max_used=357Kb free=119674Kb
 bounds [0x00007f3e9b5ed000, 0x00007f3e9b85d000, 0x00007f3ea2b25000]
CodeHeap 'profiled nmethods': size=120032Kb used=932Kb max_used=932Kb free=119099Kb
 bounds [0x00007f3e940b5000, 0x00007f3e94325000, 0x00007f3e9b5ed000]
CodeHeap 'non-nmethods': size=5696Kb used=1047Kb max_used=1077Kb free=4648Kb
 bounds [0x00007f3e93b25000, 0x00007f3e93d95000, 0x00007f3e940b5000]
 total_blobs=1170 nmethods=576 adapters=263
 compilation: enabled

Compilation events (10 events):
Event: 20,858 Thread 0x00007f3eac134800  580       4       java.io.ObjectInputStream::readArray (426 bytes)
Event: 20,868 Thread 0x00007f3eac132800  581       4       java.lang.Class::getComponentType (14 bytes)
Event: 20,869 Thread 0x00007f3eac132800 nmethod 581 0x00007f3e9b640790 code [0x00007f3e9b640920, 0x00007f3e9b640998]
Event: 20,869 Thread 0x00007f3eac132800  582       4       java.lang.reflect.Array::newInstance (6 bytes)
Event: 20,903 Thread 0x00007f3eac132800 nmethod 582 0x00007f3e9b640a10 code [0x00007f3e9b640ba0, 0x00007f3e9b640cd8]
Event: 20,936 Thread 0x00007f3eac134800 nmethod 580 0x00007f3e9b640e10 code [0x00007f3e9b641100, 0x00007f3e9b642be0]
Event: 21,389 Thread 0x00007f3eac132800  583 %     4       java.io.ObjectInputStream::readArray @ 373 (426 bytes)
Event: 21,752 Thread 0x00007f3eac132800 nmethod 583% 0x00007f3e9b643f90 code [0x00007f3e9b6441a0, 0x00007f3e9b644bc8]
Event: 22,430 Thread 0x00007f3eac134800  584 %     4       java.io.ObjectInputStream::readArray @ 373 (426 bytes)
Event: 22,443 Thread 0x00007f3eac134800 nmethod 584% 0x00007f3e9b645310 code [0x00007f3e9b645500, 0x00007f3e9b645f88]

GC Heap History (10 events):
Event: 14,126 GC heap after
{Heap after GC invocations=10 (full 0):
 garbage-first heap   total 126976K, used 70175K [0x00000000c1800000, 0x0000000100000000)
  region size 1024K, 2 young (2048K), 2 survivors (2048K)
 Metaspace       used 8526K, capacity 8703K, committed 8960K, reserved 1056768K
  class space    used 698K, capacity 736K, committed 768K, reserved 1048576K
}
Event: 14,369 GC heap before
{Heap before GC invocations=10 (full 0):
 garbage-first heap   total 126976K, used 92703K [0x00000000c1800000, 0x0000000100000000)
  region size 1024K, 10 young (10240K), 2 survivors (2048K)
 Metaspace       used 8526K, capacity 8703K, committed 8960K, reserved 1056768K
  class space    used 698K, capacity 736K, committed 768K, reserved 1048576K
}
Event: 14,470 GC heap after
{Heap after GC invocations=11 (full 0):
 garbage-first heap   total 253952K, used 88503K [0x00000000c1800000, 0x0000000100000000)
  region size 1024K, 2 young (2048K), 2 survivors (2048K)
 Metaspace       used 8526K, capacity 8703K, committed 8960K, reserved 1056768K
  class space    used 698K, capacity 736K, committed 768K, reserved 1048576K
}
Event: 14,631 GC heap before
{Heap before GC invocations=11 (full 0):
 garbage-first heap   total 253952K, used 98743K [0x00000000c1800000, 0x0000000100000000)
  region size 1024K, 12 young (12288K), 2 survivors (2048K)
 Metaspace       used 8526K, capacity 8703K, committed 8960K, reserved 1056768K
  class space    used 698K, capacity 736K, committed 768K, reserved 1048576K
}
Event: 14,655 GC heap after
{Heap after GC invocations=12 (full 0):
 garbage-first heap   total 253952K, used 94666K [0x00000000c1800000, 0x0000000100000000)
  region size 1024K, 2 young (2048K), 2 survivors (2048K)
 Metaspace       used 8526K, capacity 8703K, committed 8960K, reserved 1056768K
  class space    used 698K, capacity 736K, committed 768K, reserved 1048576K
}
Event: 15,524 GC heap before
{Heap before GC invocations=13 (full 0):
 garbage-first heap   total 253952K, used 107978K [0x00000000c1800000, 0x0000000100000000)
  region size 1024K, 21 young (21504K), 2 survivors (2048K)
 Metaspace       used 8526K, capacity 8703K, committed 8960K, reserved 1056768K
  class space    used 698K, capacity 736K, committed 768K, reserved 1048576K
}
Event: 15,592 GC heap after
{Heap after GC invocations=14 (full 0):
 garbage-first heap   total 253952K, used 99877K [0x00000000c1800000, 0x0000000100000000)
  region size 1024K, 3 young (3072K), 3 survivors (3072K)
 Metaspace       used 8526K, capacity 8703K, committed 8960K, reserved 1056768K
  class space    used 698K, capacity 736K, committed 768K, reserved 1048576K
}
Event: 15,676 GC heap before
{Heap before GC invocations=14 (full 0):
 garbage-first heap   total 253952K, used 113189K [0x00000000c1800000, 0x0000000100000000)
  region size 1024K, 16 young (16384K), 3 survivors (3072K)
 Metaspace       used 8526K, capacity 8703K, committed 8960K, reserved 1056768K
  class space    used 698K, capacity 736K, committed 768K, reserved 1048576K
}
Event: 15,741 GC heap after
{Heap after GC invocations=15 (full 0):
 garbage-first heap   total 253952K, used 108409K [0x00000000c1800000, 0x0000000100000000)
  region size 1024K, 2 young (2048K), 2 survivors (2048K)
 Metaspace       used 8526K, capacity 8703K, committed 8960K, reserved 1056768K
  class space    used 698K, capacity 736K, committed 768K, reserved 1048576K
}
Event: 25,419 GC heap before
{Heap before GC invocations=15 (full 0):
 garbage-first heap   total 253952K, used 122745K [0x00000000c1800000, 0x0000000100000000)
  region size 1024K, 16 young (16384K), 2 survivors (2048K)
 Metaspace       used 8535K, capacity 8709K, committed 8960K, reserved 1056768K
  class space    used 699K, capacity 737K, committed 768K, reserved 1048576K
}

Deoptimization events (10 events):
Event: 12,558 Thread 0x00007f3eac011800 Uncommon trap: reason=unstable_if action=reinterpret pc=0x00007f3e9b6084c8 method=java.io.ObjectInputStream$BlockDataInputStream.readUTFSpan(Ljava/lang/StringBuilder;J)J @ 35 c2
Event: 12,564 Thread 0x00007f3eac011800 Uncommon trap: reason=unstable_if action=reinterpret pc=0x00007f3e9b61ba10 method=java.io.ObjectInputStream$HandleTable.markDependency(II)V @ 7 c2
Event: 20,539 Thread 0x00007f3eac011800 Uncommon trap: reason=class_check action=maybe_recompile pc=0x00007f3e9b63e768 method=java.lang.reflect.Array.newInstance(Ljava/lang/Class;I)Ljava/lang/Object; @ 2 c2
Event: 20,857 Thread 0x00007f3eac011800 Uncommon trap: reason=class_check action=maybe_recompile pc=0x00007f3e9b63e768 method=java.lang.reflect.Array.newInstance(Ljava/lang/Class;I)Ljava/lang/Object; @ 2 c2
Event: 20,857 Thread 0x00007f3eac011800 Uncommon trap: reason=class_check action=maybe_recompile pc=0x00007f3e9b63e768 method=java.lang.reflect.Array.newInstance(Ljava/lang/Class;I)Ljava/lang/Object; @ 2 c2
Event: 20,857 Thread 0x00007f3eac011800 Uncommon trap: reason=class_check action=maybe_recompile pc=0x00007f3e9b63e768 method=java.lang.reflect.Array.newInstance(Ljava/lang/Class;I)Ljava/lang/Object; @ 2 c2
Event: 22,158 Thread 0x00007f3eac011800 Uncommon trap: reason=array_check action=maybe_recompile pc=0x00007f3e9b6447bc method=java.io.ObjectInputStream.readArray(Z)Ljava/lang/Object; @ 388 c2
Event: 22,159 Thread 0x00007f3eac011800 Uncommon trap: reason=array_check action=maybe_recompile pc=0x00007f3e9b6447bc method=java.io.ObjectInputStream.readArray(Z)Ljava/lang/Object; @ 388 c2
Event: 22,160 Thread 0x00007f3eac011800 Uncommon trap: reason=array_check action=maybe_recompile pc=0x00007f3e9b6447bc method=java.io.ObjectInputStream.readArray(Z)Ljava/lang/Object; @ 388 c2
Event: 22,160 Thread 0x00007f3eac011800 Uncommon trap: reason=array_check action=maybe_recompile pc=0x00007f3e9b6447bc method=java.io.ObjectInputStream.readArray(Z)Ljava/lang/Object; @ 388 c2

Classes redefined (0 events):
No events

Internal exceptions (3 events):
Event: 10,465 Thread 0x00007f3eac011800 Exception <a 'java/lang/NoSuchMethodError'{0x00000000c8f4cb78}: java.lang.Object.lambda$negate$3(I)Z> (0x00000000c8f4cb78) thrown at [/build/openjdk-lts-Ae5PRQ/openjdk-lts-10.0.2+13/src/hotspot/share/interpreter/linkResolver.cpp, line 741]
Event: 11,070 Thread 0x00007f3eac011800 Exception <a 'java/lang/NoSuchMethodError'{0x00000000c8faceb0}: method resolution failed> (0x00000000c8faceb0) thrown at [/build/openjdk-lts-Ae5PRQ/openjdk-lts-10.0.2+13/src/hotspot/share/prims/methodHandles.cpp, line 1226]
Event: 12,377 Thread 0x00007f3eac011800 Implicit null exception at 0x00007f3e9b6116ec to 0x00007f3e9b611b96

Events (10 events):
Event: 22,159 Thread 0x00007f3eac011800 Uncommon trap: trap_request=0xffffffd6 fr.pc=0x00007f3e9b6447bc relative=0x000000000000061c
Event: 22,159 Thread 0x00007f3eac011800 DEOPT PACKING pc=0x00007f3e9b6447bc sp=0x00007f3eb63a6540
Event: 22,159 Thread 0x00007f3eac011800 DEOPT UNPACKING pc=0x00007f3e93b4cfa5 sp=0x00007f3eb63a64c8 mode 2
Event: 22,160 Thread 0x00007f3eac011800 Uncommon trap: trap_request=0xffffffd6 fr.pc=0x00007f3e9b6447bc relative=0x000000000000061c
Event: 22,160 Thread 0x00007f3eac011800 DEOPT PACKING pc=0x00007f3e9b6447bc sp=0x00007f3eb63a6540
Event: 22,160 Thread 0x00007f3eac011800 DEOPT UNPACKING pc=0x00007f3e93b4cfa5 sp=0x00007f3eb63a64c8 mode 2
Event: 22,160 Thread 0x00007f3eac011800 Uncommon trap: trap_request=0xffffffd6 fr.pc=0x00007f3e9b6447bc relative=0x000000000000061c
Event: 22,160 Thread 0x00007f3eac011800 DEOPT PACKING pc=0x00007f3e9b6447bc sp=0x00007f3eb63a6540
Event: 22,160 Thread 0x00007f3eac011800 DEOPT UNPACKING pc=0x00007f3e93b4cfa5 sp=0x00007f3eb63a64c8 mode 2
Event: 24,462 Executing VM operation: G1IncCollectionPause


Dynamic libraries:
c1800000-d1000000 rw-p 00000000 00:00 0 
dff00000-100000000 ---p 00000000 00:00 0 
100000000-1000c0000 rw-p 00000000 00:00 0 
1000c0000-140000000 ---p 00000000 00:00 0 
558c5a4e9000-558c5a4ea000 r-xp 00000000 08:08 6816293                    /usr/lib/jvm/java-11-openjdk-amd64/bin/java
558c5a6ea000-558c5a6eb000 r--p 00001000 08:08 6816293                    /usr/lib/jvm/java-11-openjdk-amd64/bin/java
558c5a6eb000-558c5a6ec000 rw-p 00002000 08:08 6816293                    /usr/lib/jvm/java-11-openjdk-amd64/bin/java
558c5b165000-558c5b186000 rw-p 00000000 00:00 0                          [heap]
7f3e34000000-7f3e34021000 rw-p 00000000 00:00 0 
7f3e34021000-7f3e38000000 ---p 00000000 00:00 0 
7f3e38000000-7f3e38021000 rw-p 00000000 00:00 0 
7f3e38021000-7f3e3c000000 ---p 00000000 00:00 0 
7f3e3c000000-7f3e3c021000 rw-p 00000000 00:00 0 
7f3e3c021000-7f3e40000000 ---p 00000000 00:00 0 
7f3e40000000-7f3e40021000 rw-p 00000000 00:00 0 
7f3e40021000-7f3e44000000 ---p 00000000 00:00 0 
7f3e44000000-7f3e443b0000 rw-p 00000000 00:00 0 
7f3e443b0000-7f3e48000000 ---p 00000000 00:00 0 
7f3e48000000-7f3e481c2000 rw-p 00000000 00:00 0 
7f3e481c2000-7f3e4c000000 ---p 00000000 00:00 0 
7f3e4c000000-7f3e4c021000 rw-p 00000000 00:00 0 
7f3e4c021000-7f3e50000000 ---p 00000000 00:00 0 
7f3e50000000-7f3e50599000 rw-p 00000000 00:00 0 
7f3e50599000-7f3e54000000 ---p 00000000 00:00 0 
7f3e54000000-7f3e54021000 rw-p 00000000 00:00 0 
7f3e54021000-7f3e58000000 ---p 00000000 00:00 0 
7f3e58000000-7f3e58021000 rw-p 00000000 00:00 0 
7f3e58021000-7f3e5c000000 ---p 00000000 00:00 0 
7f3e5c000000-7f3e5c06d000 rw-p 00000000 00:00 0 
7f3e5c06d000-7f3e60000000 ---p 00000000 00:00 0 
7f3e62ac1000-7f3e62ad8000 r-xp 00000000 08:08 6831070                    /usr/lib/jvm/java-11-openjdk-amd64/lib/libnet.so
7f3e62ad8000-7f3e62cd7000 ---p 00017000 08:08 6831070                    /usr/lib/jvm/java-11-openjdk-amd64/lib/libnet.so
7f3e62cd7000-7f3e62cd8000 r--p 00016000 08:08 6831070                    /usr/lib/jvm/java-11-openjdk-amd64/lib/libnet.so
7f3e62cd8000-7f3e62cd9000 rw-p 00017000 08:08 6831070                    /usr/lib/jvm/java-11-openjdk-amd64/lib/libnet.so
7f3e62cd9000-7f3e62cea000 r-xp 00000000 08:08 6831071                    /usr/lib/jvm/java-11-openjdk-amd64/lib/libnio.so
7f3e62cea000-7f3e62ee9000 ---p 00011000 08:08 6831071                    /usr/lib/jvm/java-11-openjdk-amd64/lib/libnio.so
7f3e62ee9000-7f3e62eea000 r--p 00010000 08:08 6831071                    /usr/lib/jvm/java-11-openjdk-amd64/lib/libnio.so
7f3e62eea000-7f3e62eeb000 rw-p 00011000 08:08 6831071                    /usr/lib/jvm/java-11-openjdk-amd64/lib/libnio.so
7f3e62eeb000-7f3e62eef000 ---p 00000000 00:00 0 
7f3e62eef000-7f3e62fec000 rw-p 00000000 00:00 0 
7f3e62fec000-7f3e62fed000 ---p 00000000 00:00 0 
7f3e62fed000-7f3e630ee000 rw-p 00000000 00:00 0 
7f3e630ee000-7f3e630f2000 ---p 00000000 00:00 0 
7f3e630f2000-7f3e631ef000 rw-p 00000000 00:00 0 
7f3e631ef000-7f3e631f3000 ---p 00000000 00:00 0 
7f3e631f3000-7f3e632f0000 rw-p 00000000 00:00 0 
7f3e632f0000-7f3e632f4000 ---p 00000000 00:00 0 
7f3e632f4000-7f3e633f1000 rw-p 00000000 00:00 0 
7f3e633f1000-7f3e63800000 r--p 00000000 08:08 6822222                    /usr/lib/locale/locale-archive
7f3e63800000-7f3e64000000 rw-p 00000000 00:00 0 
7f3e64000000-7f3e64021000 rw-p 00000000 00:00 0 
7f3e64021000-7f3e68000000 ---p 00000000 00:00 0 
7f3e68000000-7f3e68021000 rw-p 00000000 00:00 0 
7f3e68021000-7f3e6c000000 ---p 00000000 00:00 0 
7f3e6c000000-7f3e6c021000 rw-p 00000000 00:00 0 
7f3e6c021000-7f3e70000000 ---p 00000000 00:00 0 
7f3e70000000-7f3e70021000 rw-p 00000000 00:00 0 
7f3e70021000-7f3e74000000 ---p 00000000 00:00 0 
7f3e74000000-7f3e74021000 rw-p 00000000 00:00 0 
7f3e74021000-7f3e78000000 ---p 00000000 00:00 0 
7f3e78000000-7f3e780fa000 rw-p 00000000 00:00 0 
7f3e780fa000-7f3e7c000000 ---p 00000000 00:00 0 
7f3e7c000000-7f3e7c021000 rw-p 00000000 00:00 0 
7f3e7c021000-7f3e80000000 ---p 00000000 00:00 0 
7f3e80000000-7f3e80021000 rw-p 00000000 00:00 0 
7f3e80021000-7f3e84000000 ---p 00000000 00:00 0 
7f3e84000000-7f3e84021000 rw-p 00000000 00:00 0 
7f3e84021000-7f3e88000000 ---p 00000000 00:00 0 
7f3e88000000-7f3e88021000 rw-p 00000000 00:00 0 
7f3e88021000-7f3e8c000000 ---p 00000000 00:00 0 
7f3e8c000000-7f3e8c021000 rw-p 00000000 00:00 0 
7f3e8c021000-7f3e90000000 ---p 00000000 00:00 0 
7f3e900a5000-7f3e900a9000 ---p 00000000 00:00 0 
7f3e900a9000-7f3e901a6000 rw-p 00000000 00:00 0 
7f3e901a6000-7f3e901aa000 ---p 00000000 00:00 0 
7f3e901aa000-7f3e902a7000 rw-p 00000000 00:00 0 
7f3e902a7000-7f3e902ab000 ---p 00000000 00:00 0 
7f3e902ab000-7f3e903a8000 rw-p 00000000 00:00 0 
7f3e903a8000-7f3e903ac000 ---p 00000000 00:00 0 
7f3e903ac000-7f3e904a9000 rw-p 00000000 00:00 0 
7f3e904a9000-7f3e904ad000 ---p 00000000 00:00 0 
7f3e904ad000-7f3e905aa000 rw-p 00000000 00:00 0 
7f3e905aa000-7f3e905ab000 ---p 00000000 00:00 0 
7f3e905ab000-7f3e9077d000 rw-p 00000000 00:00 0 
7f3e9077d000-7f3e9077e000 ---p 00000000 00:00 0 
7f3e9077e000-7f3e9087f000 rw-p 00000000 00:00 0 
7f3e9087f000-7f3e90880000 ---p 00000000 00:00 0 
7f3e90880000-7f3e90981000 rw-p 00000000 00:00 0 
7f3e90981000-7f3e90982000 ---p 00000000 00:00 0 
7f3e90982000-7f3e90a83000 rw-p 00000000 00:00 0 
7f3e90a83000-7f3e90a84000 ---p 00000000 00:00 0 
7f3e90a84000-7f3e92f65000 rw-p 00000000 00:00 0 
7f3e92f65000-7f3e93b25000 ---p 00000000 00:00 0 
7f3e93b25000-7f3e93d95000 rwxp 00000000 00:00 0 
7f3e93d95000-7f3e940b5000 ---p 00000000 00:00 0 
7f3e940b5000-7f3e94325000 rwxp 00000000 00:00 0 
7f3e94325000-7f3e9b5ed000 ---p 00000000 00:00 0 
7f3e9b5ed000-7f3e9b85d000 rwxp 00000000 00:00 0 
7f3e9b85d000-7f3ea2b25000 ---p 00000000 00:00 0 
7f3ea2b25000-7f3eac000000 r--s 00000000 08:08 6831080                    /usr/lib/jvm/java-11-openjdk-amd64/lib/modules
7f3eac000000-7f3eac32c000 rw-p 00000000 00:00 0 
7f3eac32c000-7f3eb0000000 ---p 00000000 00:00 0 
7f3eb0043000-7f3eb0044000 ---p 00000000 00:00 0 
7f3eb0044000-7f3eb0549000 rw-p 00000000 00:00 0 
7f3eb0549000-7f3eb054a000 ---p 00000000 00:00 0 
7f3eb054a000-7f3eb064b000 rw-p 00000000 00:00 0 
7f3eb064b000-7f3eb064c000 ---p 00000000 00:00 0 
7f3eb064c000-7f3eb0b2d000 rw-p 00000000 00:00 0 
7f3eb0b2d000-7f3eb16ed000 ---p 00000000 00:00 0 
7f3eb16ed000-7f3eb1769000 rw-p 00000000 00:00 0 
7f3eb1769000-7f3eb18e1000 ---p 00000000 00:00 0 
7f3eb18e1000-7f3eb195d000 rw-p 00000000 00:00 0 
7f3eb195d000-7f3eb1ad5000 ---p 00000000 00:00 0 
7f3eb1ad5000-7f3eb1b51000 rw-p 00000000 00:00 0 
7f3eb1b51000-7f3eb1cc9000 ---p 00000000 00:00 0 
7f3eb1cc9000-7f3eb20cd000 rw-p 00000000 00:00 0 
7f3eb20cd000-7f3eb20ce000 ---p 00000000 00:00 0 
7f3eb20ce000-7f3eb21cf000 rw-p 00000000 00:00 0 
7f3eb21cf000-7f3eb21d0000 ---p 00000000 00:00 0 
7f3eb21d0000-7f3eb22d1000 rw-p 00000000 00:00 0 
7f3eb22d1000-7f3eb22d2000 ---p 00000000 00:00 0 
7f3eb22d2000-7f3eb23d3000 rw-p 00000000 00:00 0 
7f3eb23d3000-7f3eb23d4000 ---p 00000000 00:00 0 
7f3eb23d4000-7f3eb24da000 rw-p 00000000 00:00 0 
7f3eb24da000-7f3eb25c0000 ---p 00000000 00:00 0 
7f3eb25c0000-7f3eb25c5000 rw-p 00000000 00:00 0 
7f3eb25c5000-7f3eb26ab000 ---p 00000000 00:00 0 
7f3eb26ab000-7f3eb26b0000 r-xp 00000000 08:08 6824980                    /usr/lib/jvm/java-11-openjdk-amd64/lib/libjimage.so
7f3eb26b0000-7f3eb28af000 ---p 00005000 08:08 6824980                    /usr/lib/jvm/java-11-openjdk-amd64/lib/libjimage.so
7f3eb28af000-7f3eb28b0000 r--p 00004000 08:08 6824980                    /usr/lib/jvm/java-11-openjdk-amd64/lib/libjimage.so
7f3eb28b0000-7f3eb28b1000 rw-p 00005000 08:08 6824980                    /usr/lib/jvm/java-11-openjdk-amd64/lib/libjimage.so
7f3eb28b1000-7f3eb28b8000 r-xp 00000000 08:08 6831079                    /usr/lib/jvm/java-11-openjdk-amd64/lib/libzip.so
7f3eb28b8000-7f3eb2ab7000 ---p 00007000 08:08 6831079                    /usr/lib/jvm/java-11-openjdk-amd64/lib/libzip.so
7f3eb2ab7000-7f3eb2ab8000 r--p 00006000 08:08 6831079                    /usr/lib/jvm/java-11-openjdk-amd64/lib/libzip.so
7f3eb2ab8000-7f3eb2ab9000 rw-p 00007000 08:08 6831079                    /usr/lib/jvm/java-11-openjdk-amd64/lib/libzip.so
7f3eb2ab9000-7f3eb2ac4000 r-xp 00000000 08:08 10097466                   /lib/x86_64-linux-gnu/libnss_files-2.27.so
7f3eb2ac4000-7f3eb2cc3000 ---p 0000b000 08:08 10097466                   /lib/x86_64-linux-gnu/libnss_files-2.27.so
7f3eb2cc3000-7f3eb2cc4000 r--p 0000a000 08:08 10097466                   /lib/x86_64-linux-gnu/libnss_files-2.27.so
7f3eb2cc4000-7f3eb2cc5000 rw-p 0000b000 08:08 10097466                   /lib/x86_64-linux-gnu/libnss_files-2.27.so
7f3eb2cc5000-7f3eb2ccb000 rw-p 00000000 00:00 0 
7f3eb2ccb000-7f3eb2ce2000 r-xp 00000000 08:08 10097460                   /lib/x86_64-linux-gnu/libnsl-2.27.so
7f3eb2ce2000-7f3eb2ee1000 ---p 00017000 08:08 10097460                   /lib/x86_64-linux-gnu/libnsl-2.27.so
7f3eb2ee1000-7f3eb2ee2000 r--p 00016000 08:08 10097460                   /lib/x86_64-linux-gnu/libnsl-2.27.so
7f3eb2ee2000-7f3eb2ee3000 rw-p 00017000 08:08 10097460                   /lib/x86_64-linux-gnu/libnsl-2.27.so
7f3eb2ee3000-7f3eb2ee5000 rw-p 00000000 00:00 0 
7f3eb2ee5000-7f3eb2ef0000 r-xp 00000000 08:08 10097477                   /lib/x86_64-linux-gnu/libnss_nis-2.27.so
7f3eb2ef0000-7f3eb30ef000 ---p 0000b000 08:08 10097477                   /lib/x86_64-linux-gnu/libnss_nis-2.27.so
7f3eb30ef000-7f3eb30f0000 r--p 0000a000 08:08 10097477                   /lib/x86_64-linux-gnu/libnss_nis-2.27.so
7f3eb30f0000-7f3eb30f1000 rw-p 0000b000 08:08 10097477                   /lib/x86_64-linux-gnu/libnss_nis-2.27.so
7f3eb30f1000-7f3eb30f9000 r-xp 00000000 08:08 10097462                   /lib/x86_64-linux-gnu/libnss_compat-2.27.so
7f3eb30f9000-7f3eb32f9000 ---p 00008000 08:08 10097462                   /lib/x86_64-linux-gnu/libnss_compat-2.27.so
7f3eb32f9000-7f3eb32fa000 r--p 00008000 08:08 10097462                   /lib/x86_64-linux-gnu/libnss_compat-2.27.so
7f3eb32fa000-7f3eb32fb000 rw-p 00009000 08:08 10097462                   /lib/x86_64-linux-gnu/libnss_compat-2.27.so
7f3eb32fb000-7f3eb3327000 r-xp 00000000 08:08 6824589                    /usr/lib/jvm/java-11-openjdk-amd64/lib/libjava.so
7f3eb3327000-7f3eb3526000 ---p 0002c000 08:08 6824589                    /usr/lib/jvm/java-11-openjdk-amd64/lib/libjava.so
7f3eb3526000-7f3eb3527000 r--p 0002b000 08:08 6824589                    /usr/lib/jvm/java-11-openjdk-amd64/lib/libjava.so
7f3eb3527000-7f3eb3529000 rw-p 0002c000 08:08 6824589                    /usr/lib/jvm/java-11-openjdk-amd64/lib/libjava.so
7f3eb3529000-7f3eb3536000 r-xp 00000000 08:08 6831078                    /usr/lib/jvm/java-11-openjdk-amd64/lib/libverify.so
7f3eb3536000-7f3eb3735000 ---p 0000d000 08:08 6831078                    /usr/lib/jvm/java-11-openjdk-amd64/lib/libverify.so
7f3eb3735000-7f3eb3737000 r--p 0000c000 08:08 6831078                    /usr/lib/jvm/java-11-openjdk-amd64/lib/libverify.so
7f3eb3737000-7f3eb3738000 rw-p 0000e000 08:08 6831078                    /usr/lib/jvm/java-11-openjdk-amd64/lib/libverify.so
7f3eb3738000-7f3eb373f000 r-xp 00000000 08:08 10097517                   /lib/x86_64-linux-gnu/librt-2.27.so
7f3eb373f000-7f3eb393e000 ---p 00007000 08:08 10097517                   /lib/x86_64-linux-gnu/librt-2.27.so
7f3eb393e000-7f3eb393f000 r--p 00006000 08:08 10097517                   /lib/x86_64-linux-gnu/librt-2.27.so
7f3eb393f000-7f3eb3940000 rw-p 00007000 08:08 10097517                   /lib/x86_64-linux-gnu/librt-2.27.so
7f3eb3940000-7f3eb3957000 r-xp 00000000 08:08 10097311                   /lib/x86_64-linux-gnu/libgcc_s.so.1
7f3eb3957000-7f3eb3b56000 ---p 00017000 08:08 10097311                   /lib/x86_64-linux-gnu/libgcc_s.so.1
7f3eb3b56000-7f3eb3b57000 r--p 00016000 08:08 10097311                   /lib/x86_64-linux-gnu/libgcc_s.so.1
7f3eb3b57000-7f3eb3b58000 rw-p 00017000 08:08 10097311                   /lib/x86_64-linux-gnu/libgcc_s.so.1
7f3eb3b58000-7f3eb3cf5000 r-xp 00000000 08:08 10097439                   /lib/x86_64-linux-gnu/libm-2.27.so
7f3eb3cf5000-7f3eb3ef4000 ---p 0019d000 08:08 10097439                   /lib/x86_64-linux-gnu/libm-2.27.so
7f3eb3ef4000-7f3eb3ef5000 r--p 0019c000 08:08 10097439                   /lib/x86_64-linux-gnu/libm-2.27.so
7f3eb3ef5000-7f3eb3ef6000 rw-p 0019d000 08:08 10097439                   /lib/x86_64-linux-gnu/libm-2.27.so
7f3eb3ef6000-7f3eb406f000 r-xp 00000000 08:08 6816579                    /usr/lib/x86_64-linux-gnu/libstdc++.so.6.0.25
7f3eb406f000-7f3eb426f000 ---p 00179000 08:08 6816579                    /usr/lib/x86_64-linux-gnu/libstdc++.so.6.0.25
7f3eb426f000-7f3eb4279000 r--p 00179000 08:08 6816579                    /usr/lib/x86_64-linux-gnu/libstdc++.so.6.0.25
7f3eb4279000-7f3eb427b000 rw-p 00183000 08:08 6816579                    /usr/lib/x86_64-linux-gnu/libstdc++.so.6.0.25
7f3eb427b000-7f3eb427f000 rw-p 00000000 00:00 0 
7f3eb427f000-7f3eb521c000 r-xp 00000000 08:08 6831083                    /usr/lib/jvm/java-11-openjdk-amd64/lib/server/libjvm.so
7f3eb521c000-7f3eb541c000 ---p 00f9d000 08:08 6831083                    /usr/lib/jvm/java-11-openjdk-amd64/lib/server/libjvm.so
7f3eb541c000-7f3eb54e0000 r--p 00f9d000 08:08 6831083                    /usr/lib/jvm/java-11-openjdk-amd64/lib/server/libjvm.so
7f3eb54e0000-7f3eb5518000 rw-p 01061000 08:08 6831083                    /usr/lib/jvm/java-11-openjdk-amd64/lib/server/libjvm.so
7f3eb5518000-7f3eb5561000 rw-p 00000000 00:00 0 
7f3eb5561000-7f3eb557b000 r-xp 00000000 08:08 10097509                   /lib/x86_64-linux-gnu/libpthread-2.27.so
7f3eb557b000-7f3eb577a000 ---p 0001a000 08:08 10097509                   /lib/x86_64-linux-gnu/libpthread-2.27.so
7f3eb577a000-7f3eb577b000 r--p 00019000 08:08 10097509                   /lib/x86_64-linux-gnu/libpthread-2.27.so
7f3eb577b000-7f3eb577c000 rw-p 0001a000 08:08 10097509                   /lib/x86_64-linux-gnu/libpthread-2.27.so
7f3eb577c000-7f3eb5780000 rw-p 00000000 00:00 0 
7f3eb5780000-7f3eb5783000 r-xp 00000000 08:08 10097399                   /lib/x86_64-linux-gnu/libdl-2.27.so
7f3eb5783000-7f3eb5982000 ---p 00003000 08:08 10097399                   /lib/x86_64-linux-gnu/libdl-2.27.so
7f3eb5982000-7f3eb5983000 r--p 00002000 08:08 10097399                   /lib/x86_64-linux-gnu/libdl-2.27.so
7f3eb5983000-7f3eb5984000 rw-p 00003000 08:08 10097399                   /lib/x86_64-linux-gnu/libdl-2.27.so
7f3eb5984000-7f3eb59a0000 r-xp 00000000 08:08 10097550                   /lib/x86_64-linux-gnu/libz.so.1.2.11
7f3eb59a0000-7f3eb5b9f000 ---p 0001c000 08:08 10097550                   /lib/x86_64-linux-gnu/libz.so.1.2.11
7f3eb5b9f000-7f3eb5ba0000 r--p 0001b000 08:08 10097550                   /lib/x86_64-linux-gnu/libz.so.1.2.11
7f3eb5ba0000-7f3eb5ba1000 rw-p 0001c000 08:08 10097550                   /lib/x86_64-linux-gnu/libz.so.1.2.11
7f3eb5ba1000-7f3eb5d88000 r-xp 00000000 08:08 10097376                   /lib/x86_64-linux-gnu/libc-2.27.so
7f3eb5d88000-7f3eb5f88000 ---p 001e7000 08:08 10097376                   /lib/x86_64-linux-gnu/libc-2.27.so
7f3eb5f88000-7f3eb5f8c000 r--p 001e7000 08:08 10097376                   /lib/x86_64-linux-gnu/libc-2.27.so
7f3eb5f8c000-7f3eb5f8e000 rw-p 001eb000 08:08 10097376                   /lib/x86_64-linux-gnu/libc-2.27.so
7f3eb5f8e000-7f3eb5f92000 rw-p 00000000 00:00 0 
7f3eb5f92000-7f3eb5fa1000 r-xp 00000000 08:08 6824056                    /usr/lib/jvm/java-11-openjdk-amd64/lib/jli/libjli.so
7f3eb5fa1000-7f3eb61a0000 ---p 0000f000 08:08 6824056                    /usr/lib/jvm/java-11-openjdk-amd64/lib/jli/libjli.so
7f3eb61a0000-7f3eb61a1000 r--p 0000e000 08:08 6824056                    /usr/lib/jvm/java-11-openjdk-amd64/lib/jli/libjli.so
7f3eb61a1000-7f3eb61a2000 rw-p 0000f000 08:08 6824056                    /usr/lib/jvm/java-11-openjdk-amd64/lib/jli/libjli.so
7f3eb61a2000-7f3eb61c9000 r-xp 00000000 08:08 10097348                   /lib/x86_64-linux-gnu/ld-2.27.so
7f3eb61ed000-7f3eb62a7000 rw-p 00000000 00:00 0 
7f3eb62a7000-7f3eb62ab000 ---p 00000000 00:00 0 
7f3eb62ab000-7f3eb63aa000 rw-p 00000000 00:00 0 
7f3eb63b0000-7f3eb63b6000 rw-p 00000000 00:00 0 
7f3eb63b6000-7f3eb63bd000 ---p 00000000 00:00 0 
7f3eb63bd000-7f3eb63c5000 rw-s 00000000 08:08 9047768                    /tmp/hsperfdata_moamen/15987
7f3eb63c5000-7f3eb63c6000 ---p 00000000 00:00 0 
7f3eb63c6000-7f3eb63c7000 r--p 00000000 00:00 0 
7f3eb63c7000-7f3eb63c9000 rw-p 00000000 00:00 0 
7f3eb63c9000-7f3eb63ca000 r--p 00027000 08:08 10097348                   /lib/x86_64-linux-gnu/ld-2.27.so
7f3eb63ca000-7f3eb63cb000 rw-p 00028000 08:08 10097348                   /lib/x86_64-linux-gnu/ld-2.27.so
7f3eb63cb000-7f3eb63cc000 rw-p 00000000 00:00 0 
7ffe8dd8f000-7ffe8ddb1000 rw-p 00000000 00:00 0                          [stack]
7ffe8dded000-7ffe8ddf0000 r--p 00000000 00:00 0                          [vvar]
7ffe8ddf0000-7ffe8ddf2000 r-xp 00000000 00:00 0                          [vdso]
ffffffffff600000-ffffffffff601000 r-xp 00000000 00:00 0                  [vsyscall]


VM Arguments:
jvm_args: -Xmx1000m 
java_command: edu.stanford.nlp.ie.crf.CRFClassifier -loadClassifier ./stanford/stanford-nertagger-2018-10-16/classifiers/english.muc.7class.distsim.crf.ser.gz -textFile /tmp/tmpew8jzvgb -outputFormat slashTags -tokenizerFactory edu.stanford.nlp.process.WhitespaceTokenizer -tokenizerOptions "tokenizeNLs=false" -encoding utf8
java_class_path (initial): ./stanford/stanford-nertagger-2018-10-16/stanford-ner.jar
Launcher Type: SUN_STANDARD

Logging:
Log output configuration:
#0: stdout all=warning uptime,level,tags
#1: stderr all=off uptime,level,tags

Environment Variables:
PATH=/media/moamen/MY_DATA/work/nlp-project/venv/bin:/home/moamen/bin:/usr/local/bin:/opt/lampp:/home/moamen/bin:/usr/local/bin:/opt/lampp:/home/moamen/.local/bin:/usr/local/sbin:/usr/local/bin:/usr/sbin:/usr/bin:/sbin:/bin:/usr/games:/usr/local/games
SHELL=/usr/bin/zsh
DISPLAY=:0

Signal Handlers:
SIGSEGV: [libjvm.so+0xd28b70], sa_mask[0]=11111111011111111101111111111110, sa_flags=SA_RESTART|SA_SIGINFO
SIGBUS: [libjvm.so+0xd28b70], sa_mask[0]=11111111011111111101111111111110, sa_flags=SA_RESTART|SA_SIGINFO
SIGFPE: [libjvm.so+0xd28b70], sa_mask[0]=11111111011111111101111111111110, sa_flags=SA_RESTART|SA_SIGINFO
SIGPIPE: [libjvm.so+0xb2a1f0], sa_mask[0]=11111111011111111101111111111110, sa_flags=SA_RESTART|SA_SIGINFO
SIGXFSZ: [libjvm.so+0xb2a1f0], sa_mask[0]=11111111011111111101111111111110, sa_flags=SA_RESTART|SA_SIGINFO
SIGILL: [libjvm.so+0xd28b70], sa_mask[0]=11111111011111111101111111111110, sa_flags=SA_RESTART|SA_SIGINFO
SIGUSR2: [libjvm.so+0xb2a030], sa_mask[0]=00000000000000000000000000000000, sa_flags=SA_RESTART|SA_SIGINFO
SIGHUP: [libjvm.so+0xb2a180], sa_mask[0]=11111111011111111101111111111110, sa_flags=SA_RESTART|SA_SIGINFO
SIGINT: [libjvm.so+0xb2a180], sa_mask[0]=11111111011111111101111111111110, sa_flags=SA_RESTART|SA_SIGINFO
SIGTERM: [libjvm.so+0xb2a180], sa_mask[0]=11111111011111111101111111111110, sa_flags=SA_RESTART|SA_SIGINFO
SIGQUIT: [libjvm.so+0xb2a180], sa_mask[0]=11111111011111111101111111111110, sa_flags=SA_RESTART|SA_SIGINFO


---------------  S Y S T E M  ---------------

OS:DISTRIB_ID=LinuxMint
DISTRIB_RELEASE=19
DISTRIB_CODENAME=tara
DISTRIB_DESCRIPTION="Linux Mint 19 Tara"
uname:Linux 4.15.0-42-generic #45-Ubuntu SMP Thu Nov 15 19:32:57 UTC 2018 x86_64
libc:glibc 2.27 NPTL 2.27 
rlimit: STACK 8192k, CORE 0k, NPROC 31078, NOFILE 1048576, AS infinity, DATA infinity, FSIZE infinity
load average:16,47 12,59 7,34

/proc/meminfo:
MemTotal:        8079712 kB
MemFree:          267124 kB
MemAvailable:     230008 kB
Buffers:            4404 kB
Cached:           465208 kB
SwapCached:        26864 kB
Active:          6417812 kB
Inactive:         944888 kB
Active(anon):    6388104 kB
Inactive(anon):   860244 kB
Active(file):      29708 kB
Inactive(file):    84644 kB
Unevictable:          48 kB
Mlocked:              48 kB
SwapTotal:       5859324 kB
SwapFree:             28 kB
Dirty:              5900 kB
Writeback:           836 kB
AnonPages:       6869808 kB
Mapped:           270304 kB
Shmem:            355028 kB
Slab:             175416 kB
SReclaimable:      89220 kB
SUnreclaim:        86196 kB
KernelStack:       26928 kB
PageTables:       133364 kB
NFS_Unstable:          0 kB
Bounce:                0 kB
WritebackTmp:          0 kB
CommitLimit:     9899180 kB
Committed_AS:   38690524 kB
VmallocTotal:   34359738367 kB
VmallocUsed:           0 kB
VmallocChunk:          0 kB
HardwareCorrupted:     0 kB
AnonHugePages:         0 kB
ShmemHugePages:        0 kB
ShmemPmdMapped:        0 kB
CmaTotal:              0 kB
CmaFree:               0 kB
HugePages_Total:       0
HugePages_Free:        0
HugePages_Rsvd:        0
HugePages_Surp:        0
Hugepagesize:       2048 kB
DirectMap4k:      809296 kB
DirectMap2M:     7491584 kB
DirectMap1G:     1048576 kB

container (cgroup) information:
container_type: cgroupv1
cpu_cpuset_cpus: 0-3
cpu_memory_nodes: 0
active_processor_count: 4
cpu_quota: -1
cpu_period: 100000
cpu_shares: -1
memory_limit_in_bytes: -1
memory_and_swap_limit_in_bytes: -2
memory_soft_limit_in_bytes: -1
memory_usage_in_bytes: 7520927744
memory_max_usage_in_bytes: 42512384


CPU:total 4 (initial active 4) (2 cores per cpu, 2 threads per core) family 6 model 61 stepping 4, cmov, cx8, fxsr, mmx, sse, sse2, sse3, ssse3, sse4.1, sse4.2, popcnt, avx, avx2, aes, clmul, erms, 3dnowpref, lzcnt, ht, tsc, tscinvbit, bmi1, bmi2, adx, fma
CPU Model and flags from /proc/cpuinfo:
model name	: Intel(R) Core(TM) i7-5500U CPU @ 2.40GHz
flags		: fpu vme de pse tsc msr pae mce cx8 apic sep mtrr pge mca cmov pat pse36 clflush dts acpi mmx fxsr sse sse2 ss ht tm pbe syscall nx pdpe1gb rdtscp lm constant_tsc arch_perfmon pebs bts rep_good nopl xtopology nonstop_tsc cpuid aperfmperf pni pclmulqdq dtes64 monitor ds_cpl vmx est tm2 ssse3 sdbg fma cx16 xtpr pdcm pcid sse4_1 sse4_2 x2apic movbe popcnt tsc_deadline_timer aes xsave avx f16c rdrand lahf_lm abm 3dnowprefetch cpuid_fault epb invpcid_single pti ssbd ibrs ibpb stibp tpr_shadow vnmi flexpriority ept vpid fsgsbase tsc_adjust bmi1 avx2 smep bmi2 erms invpcid rdseed adx smap intel_pt xsaveopt dtherm ida arat pln pts flush_l1d

Memory: 4k page, physical 8079712k(266876k free), swap 5859324k(28k free)

vm_info: OpenJDK 64-Bit Server VM (10.0.2+13-Ubuntu-1ubuntu0.18.04.4) for linux-amd64 JRE (10.0.2+13-Ubuntu-1ubuntu0.18.04.4), built on Nov 13 2018 12:53:39 by "buildd" with gcc 7.3.0

END.
